<?xml version="1.0" encoding="utf-8"?>
<TestRun id="b4010f0a-5c32-4140-b868-d0d9b0edba96" name="tobib@GAMING 2026-08-31 12:36:45" runUser="GAMING\tobib" xmlns="http://microsoft.com/schemas/VisualStudio/TeamTest/2010">
  <Times creation="2026-08-31T12:36:45.5134086+02:00" queuing="2026-08-31T12:36:45.5134091+02:00" start="2026-08-31T12:36:44.6619199+02:00" finish="2026-08-31T12:56:07.0871286+02:00" />
  <TestSettings name="default" id="4aa4c4fc-6a4d-4be9-b321-5963ac9b6fc0">
    <Deployment runDeploymentRoot="tobib_GAMING_2026-08-31_12_36_45" />
  </TestSettings>
  <Results>
    <UnitTestResult executionId="13177b2c-ec7f-47d8-81f7-c9d2f0b5c1f6" testId="f28dd20a-40c3-79cc-c27c-843b2e11d290" testName="Werkflow.OpcUaSimulator.Tests.VigilLabVirtualMachineP03Tests.P03_VigilLabSessions_AreIsolated" computerName="GAMING" duration="00:00:00.0152133" startTime="2026-08-31T12:54:49.5179913+02:00" endTime="2026-08-31T12:54:49.5179915+02:00" testType="13cdc9d9-ddb5-4fa4-a97d-d965ccfc6d4b" outcome="Passed" testListId="8c84fa94-04c1-424b-9868-57a2d4851a1d" relativeResultsDirectory="13177b2c-ec7f-47d8-81f7-c9d2f0b5c1f6" />
    <UnitTestResult executionId="7ac34991-1818-4227-a2b0-bdc1b53e250d" testId="389ddcfe-cd89-50ff-2a84-276716ac8fff" testName="Werkflow.OpcUaSimulator.Tests.PhysicalAp3R4CorrelationEvaluatorTests.PositiveCorrelation_BelowMinimum_Failed" computerName="GAMING" duration="00:00:00.0000754" startTime="2026-08-31T12:36:45.4995543+02:00" endTime="2026-08-31T12:36:45.4995543+02:00" testType="13cdc9d9-ddb5-4fa4-a97d-d965ccfc6d4b" outcome="Passed" testListId="8c84fa94-04c1-424b-9868-57a2d4851a1d" relativeResultsDirectory="7ac34991-1818-4227-a2b0-bdc1b53e250d" />
    <UnitTestResult executionId="1151ffa1-438d-4cd6-8d6d-ef54252e17dc" testId="45d3d529-3029-a598-b9cf-396d579fd3d1" testName="Werkflow.OpcUaSimulator.Tests.PhysicalAp4R1FaultScenarioTests.AP4R1_ComplexScenarios_PassIsolationChecks" computerName="GAMING" duration="00:00:00.8222105" startTime="2026-08-31T12:37:32.6849818+02:00" endTime="2026-08-31T12:37:32.6849821+02:00" testType="13cdc9d9-ddb5-4fa4-a97d-d965ccfc6d4b" outcome="Passed" testListId="8c84fa94-04c1-424b-9868-57a2d4851a1d" relativeResultsDirectory="1151ffa1-438d-4cd6-8d6d-ef54252e17dc" />
    <UnitTestResult executionId="70d8f652-8b6d-46be-b329-fbe129083cb6" testId="48fd970e-1d58-264b-b0d8-61993d4b208f" testName="Werkflow.OpcUaSimulator.Tests.TechnicalLearningMachine300R1ProfileTests.Generator_SameSeed_ProducesSameSequence" computerName="GAMING" duration="00:00:00.0016819" startTime="2026-08-31T12:36:45.5239793+02:00" endTime="2026-08-31T12:36:45.5239794+02:00" testType="13cdc9d9-ddb5-4fa4-a97d-d965ccfc6d4b" outcome="Passed" testListId="8c84fa94-04c1-424b-9868-57a2d4851a1d" relativeResultsDirectory="70d8f652-8b6d-46be-b329-fbe129083cb6" />
    <UnitTestResult executionId="007e1806-0044-44d9-a4c2-5dd2a63b036e" testId="35d71e9b-62e1-c687-d784-43e701816db7" testName="Werkflow.OpcUaSimulator.Tests.VirtualAutonomousCellHmiObservabilityP20R2Tests.P20R2_Container_StartsAtZeroFill" computerName="GAMING" duration="00:00:00.0014987" startTime="2026-08-31T12:36:46.6228830+02:00" endTime="2026-08-31T12:36:46.6228831+02:00" testType="13cdc9d9-ddb5-4fa4-a97d-d965ccfc6d4b" outcome="Passed" testListId="8c84fa94-04c1-424b-9868-57a2d4851a1d" relativeResultsDirectory="007e1806-0044-44d9-a4c2-5dd2a63b036e" />
    <UnitTestResult executionId="4f1843d1-acd9-4ccc-9768-a2672c136b67" testId="97c1cbd5-1bec-db24-ed15-de448eee1d2c" testName="Werkflow.OpcUaSimulator.Tests.VigilLabVirtualMachineP03R3Tests.P03R3_DualOpcUaServers_StillCoexist" computerName="GAMING" duration="00:00:11.7913533" startTime="2026-08-31T12:54:49.2939194+02:00" endTime="2026-08-31T12:54:49.2939197+02:00" testType="13cdc9d9-ddb5-4fa4-a97d-d965ccfc6d4b" outcome="Passed" testListId="8c84fa94-04c1-424b-9868-57a2d4851a1d" relativeResultsDirectory="4f1843d1-acd9-4ccc-9768-a2672c136b67" />
    <UnitTestResult executionId="6c8777f8-d6a2-4b4c-b83c-452be641cf3e" testId="434c0c15-d082-3d74-daad-8e5ebf8552ae" testName="Werkflow.OpcUaSimulator.Tests.VirtualAutonomousCellProfileValidationP20R1Tests.SIM_P20R1_SessionFactory_CreatesMachine3Core24Session" computerName="GAMING" duration="00:00:00.1233544" startTime="2026-08-31T12:36:45.6238691+02:00" endTime="2026-08-31T12:36:45.6238692+02:00" testType="13cdc9d9-ddb5-4fa4-a97d-d965ccfc6d4b" outcome="Passed" testListId="8c84fa94-04c1-424b-9868-57a2d4851a1d" relativeResultsDirectory="6c8777f8-d6a2-4b4c-b83c-452be641cf3e" />
    <UnitTestResult executionId="7b5e503b-f61c-46c0-ac10-869b14f36ce5" testId="19f401d0-56a9-90ab-30c5-4d13775ad097" testName="Werkflow.OpcUaSimulator.Tests.VirtualAutonomousCellTwoStageStartP20R3Tests.P20R3_CoordinatorApplyProductionJob_DoesNotAutoStartMotion" computerName="GAMING" duration="00:00:00.0230117" startTime="2026-08-31T12:36:46.7623805+02:00" endTime="2026-08-31T12:36:46.7623807+02:00" testType="13cdc9d9-ddb5-4fa4-a97d-d965ccfc6d4b" outcome="Passed" testListId="8c84fa94-04c1-424b-9868-57a2d4851a1d" relativeResultsDirectory="7b5e503b-f61c-46c0-ac10-869b14f36ce5" />
    <UnitTestResult executionId="eab39974-c753-47c8-8284-3172985f905c" testId="d4a28e60-5296-0207-3e09-b24f159eeea9" testName="Werkflow.OpcUaSimulator.Tests.PhysicalAp4R6EvidenceTests.AP4R6_ExportEvidence_PassesSelfConsistency" computerName="GAMING" duration="00:00:01.4427549" startTime="2026-08-31T12:40:52.3365692+02:00" endTime="2026-08-31T12:40:52.3365695+02:00" testType="13cdc9d9-ddb5-4fa4-a97d-d965ccfc6d4b" outcome="Passed" testListId="8c84fa94-04c1-424b-9868-57a2d4851a1d" relativeResultsDirectory="eab39974-c753-47c8-8284-3172985f905c" />
    <UnitTestResult executionId="2ee883f0-1784-4d9c-ad20-920fc755bd51" testId="3c39674d-c4c8-fdeb-5dc1-b61a8b633d4c" testName="Werkflow.OpcUaSimulator.Tests.PhysicalAp6R2Tests.AP6R2_FaultStart_AvailableWhenMachineRunning" computerName="GAMING" duration="00:00:00.0306380" startTime="2026-08-31T12:42:21.8142790+02:00" endTime="2026-08-31T12:42:21.8142792+02:00" testType="13cdc9d9-ddb5-4fa4-a97d-d965ccfc6d4b" outcome="Passed" testListId="8c84fa94-04c1-424b-9868-57a2d4851a1d" relativeResultsDirectory="2ee883f0-1784-4d9c-ad20-920fc755bd51" />
    <UnitTestResult executionId="d7027c82-b0f7-4734-8c45-ed904b8859dd" testId="75c3fadb-da49-4c3c-1161-ae25eb828cd5" testName="Werkflow.OpcUaSimulator.Tests.PhysicalAp3R4SegmentTests.JobName_StoredAsSnapshot" computerName="GAMING" duration="00:00:00.0023963" startTime="2026-08-31T12:36:45.5215628+02:00" endTime="2026-08-31T12:36:45.5215628+02:00" testType="13cdc9d9-ddb5-4fa4-a97d-d965ccfc6d4b" outcome="Passed" testListId="8c84fa94-04c1-424b-9868-57a2d4851a1d" relativeResultsDirectory="d7027c82-b0f7-4734-8c45-ed904b8859dd" />
    <UnitTestResult executionId="5c0afd5b-1944-4b30-a932-dc87ad449216" testId="8da475b4-ea97-086f-0adc-4728189cb25d" testName="Werkflow.OpcUaSimulator.Tests.PhysicalMachineProfileTests.DuplicateNodeId_IsDetected" computerName="GAMING" duration="00:00:00.0175448" startTime="2026-08-31T12:36:45.6976144+02:00" endTime="2026-08-31T12:36:45.6976146+02:00" testType="13cdc9d9-ddb5-4fa4-a97d-d965ccfc6d4b" outcome="Passed" testListId="8c84fa94-04c1-424b-9868-57a2d4851a1d" relativeResultsDirectory="5c0afd5b-1944-4b30-a932-dc87ad449216" />
    <UnitTestResult executionId="ec88c729-fb96-4d76-a037-6b1264a5bb03" testId="ff0fada2-80db-e8be-7c7d-ceea5e2e10a0" testName="Werkflow.OpcUaSimulator.Tests.PhysicalAp5EvidenceTests.AP5_Metrics_TruePositive" computerName="GAMING" duration="00:00:00.0001685" startTime="2026-08-31T12:41:00.7907953+02:00" endTime="2026-08-31T12:41:00.7907953+02:00" testType="13cdc9d9-ddb5-4fa4-a97d-d965ccfc6d4b" outcome="Passed" testListId="8c84fa94-04c1-424b-9868-57a2d4851a1d" relativeResultsDirectory="ec88c729-fb96-4d76-a037-6b1264a5bb03" />
    <UnitTestResult executionId="23d3743d-fc4d-4cfa-b158-68abae021897" testId="0b9b8359-3a0a-7292-6340-277ce9c1ebe1" testName="Werkflow.OpcUaSimulator.Tests.PhysicalAp4FaultScenarioTests.AP4_Combination_CoolantLossAndMaterialResistance" computerName="GAMING" duration="00:00:00.1090911" startTime="2026-08-31T12:37:27.8527187+02:00" endTime="2026-08-31T12:37:27.8527187+02:00" testType="13cdc9d9-ddb5-4fa4-a97d-d965ccfc6d4b" outcome="Passed" testListId="8c84fa94-04c1-424b-9868-57a2d4851a1d" relativeResultsDirectory="23d3743d-fc4d-4cfa-b158-68abae021897" />
    <UnitTestResult executionId="c5033829-8797-4006-9115-a23592dfaf09" testId="f63bcb62-0ff5-9d4a-c358-6b0ab4f172db" testName="Werkflow.OpcUaSimulator.Tests.TechnicalLearningMachine300R1ProfileTests.Generator_Continuous_StaysInNormalRange" computerName="GAMING" duration="00:00:00.0057328" startTime="2026-08-31T12:36:45.5547645+02:00" endTime="2026-08-31T12:36:45.5547647+02:00" testType="13cdc9d9-ddb5-4fa4-a97d-d965ccfc6d4b" outcome="Passed" testListId="8c84fa94-04c1-424b-9868-57a2d4851a1d" relativeResultsDirectory="c5033829-8797-4006-9115-a23592dfaf09" />
    <UnitTestResult executionId="8e3f9897-9a6f-4f3d-a150-3c581cbfc431" testId="f75fd8f4-c42b-23dc-3efd-6b5f339a8fef" testName="Werkflow.OpcUaSimulator.Tests.VirtualAutonomousCellContractTests.SIM_P03_MasterSeed_IsStableFnv1a" computerName="GAMING" duration="00:00:00.0013117" startTime="2026-08-31T12:36:45.5170100+02:00" endTime="2026-08-31T12:36:45.5170100+02:00" testType="13cdc9d9-ddb5-4fa4-a97d-d965ccfc6d4b" outcome="Passed" testListId="8c84fa94-04c1-424b-9868-57a2d4851a1d" relativeResultsDirectory="8e3f9897-9a6f-4f3d-a150-3c581cbfc431" />
    <UnitTestResult executionId="ef969de8-badd-46a6-b7ca-5ba06bd428d6" testId="77f94e57-c528-48d5-ac79-b96840564ca3" testName="Werkflow.OpcUaSimulator.Tests.VirtualAutonomousCellHmiObservabilityP20R2Tests.P20R2_MaterialWait_ClassifiedAutomatic" computerName="GAMING" duration="00:00:00.0092206" startTime="2026-08-31T12:36:46.9793180+02:00" endTime="2026-08-31T12:36:46.9793181+02:00" testType="13cdc9d9-ddb5-4fa4-a97d-d965ccfc6d4b" outcome="Passed" testListId="8c84fa94-04c1-424b-9868-57a2d4851a1d" relativeResultsDirectory="ef969de8-badd-46a6-b7ca-5ba06bd428d6" />
    <UnitTestResult executionId="3f40e796-2031-498e-b22b-00600f0cfd80" testId="1921dea7-0b57-20e8-416b-ee2315024517" testName="Werkflow.OpcUaSimulator.Tests.PhysicalAp5R2EvidenceTests.AP5R2_NormalRunScenarioFieldsNull_PassesSemantics" computerName="GAMING" duration="00:00:00.0002194" startTime="2026-08-31T12:41:13.1090584+02:00" endTime="2026-08-31T12:41:13.1090584+02:00" testType="13cdc9d9-ddb5-4fa4-a97d-d965ccfc6d4b" outcome="Passed" testListId="8c84fa94-04c1-424b-9868-57a2d4851a1d" relativeResultsDirectory="3f40e796-2031-498e-b22b-00600f0cfd80" />
    <UnitTestResult executionId="d190eee3-0cea-403e-8ae3-89cdcb43ebfe" testId="fa0c833d-ec44-897c-15b5-b7e0e0753391" testName="Werkflow.OpcUaSimulator.Tests.PhysicalAp5R4EvidenceTests.AP5R4_LaserRegression_Passes" computerName="GAMING" duration="00:00:00.4671395" startTime="2026-08-31T12:41:49.5518451+02:00" endTime="2026-08-31T12:41:49.5518453+02:00" testType="13cdc9d9-ddb5-4fa4-a97d-d965ccfc6d4b" outcome="Passed" testListId="8c84fa94-04c1-424b-9868-57a2d4851a1d" relativeResultsDirectory="d190eee3-0cea-403e-8ae3-89cdcb43ebfe" />
    <UnitTestResult executionId="c68ade85-7f87-43ca-9236-66a060b8e0d9" testId="f53f251b-cc3d-1ca7-5d20-f43c99aa6d66" testName="Werkflow.OpcUaSimulator.Tests.PhysicalAp4R3EvidenceTests.AP4R3_Recovery_FailsWithoutRecoveryStartSample" computerName="GAMING" duration="00:00:00.0002449" startTime="2026-08-31T12:40:40.2896860+02:00" endTime="2026-08-31T12:40:40.2896861+02:00" testType="13cdc9d9-ddb5-4fa4-a97d-d965ccfc6d4b" outcome="Passed" testListId="8c84fa94-04c1-424b-9868-57a2d4851a1d" relativeResultsDirectory="c68ade85-7f87-43ca-9236-66a060b8e0d9" />
    <UnitTestResult executionId="1657d089-3564-41b5-ad26-cbd9b660846d" testId="3e93e723-8e65-8222-c748-2b9ef65f4760" testName="Werkflow.OpcUaSimulator.Tests.VirtualAutonomousCellHmiObservabilityP20R2Tests.P20R2_FinalProgress_Is28Of28" computerName="GAMING" duration="00:00:00.2401735" startTime="2026-08-31T12:36:46.9024029+02:00" endTime="2026-08-31T12:36:46.9024030+02:00" testType="13cdc9d9-ddb5-4fa4-a97d-d965ccfc6d4b" outcome="Passed" testListId="8c84fa94-04c1-424b-9868-57a2d4851a1d" relativeResultsDirectory="1657d089-3564-41b5-ad26-cbd9b660846d" />
    <UnitTestResult executionId="c13c7bad-b549-4bea-a138-46a799373f32" testId="bf4f76da-0acb-38b6-c746-f01276fed825" testName="Werkflow.OpcUaSimulator.Tests.PhysicalAp4R3EvidenceTests.AP4R3_CoolantLoss_FailsWithEmptySignalSamples" computerName="GAMING" duration="00:00:00.0003109" startTime="2026-08-31T12:40:40.2902899+02:00" endTime="2026-08-31T12:40:40.2902900+02:00" testType="13cdc9d9-ddb5-4fa4-a97d-d965ccfc6d4b" outcome="Passed" testListId="8c84fa94-04c1-424b-9868-57a2d4851a1d" relativeResultsDirectory="c13c7bad-b549-4bea-a138-46a799373f32" />
    <UnitTestResult executionId="48aff055-f782-4ca8-b53a-8c1cb5b7f9d1" testId="853cdeaf-8d2c-91a0-7511-eb174e473670" testName="Werkflow.OpcUaSimulator.Tests.VigilLabVirtualMachineP03Tests.P03_SessionFactory_RegistersReducedProfile" computerName="GAMING" duration="00:00:00.0178683" startTime="2026-08-31T12:54:49.4541344+02:00" endTime="2026-08-31T12:54:49.4541347+02:00" testType="13cdc9d9-ddb5-4fa4-a97d-d965ccfc6d4b" outcome="Passed" testListId="8c84fa94-04c1-424b-9868-57a2d4851a1d" relativeResultsDirectory="48aff055-f782-4ca8-b53a-8c1cb5b7f9d1" />
    <UnitTestResult executionId="da82b7f0-ea38-4b57-92b2-7b96886e8bd7" testId="00b1b176-c337-1104-f37e-a953980eb132" testName="Werkflow.OpcUaSimulator.Tests.PhysicalMachineProfileTests.RuntimeFactory_CreatesHiddenProcessRuntimeStates" computerName="GAMING" duration="00:00:00.0035022" startTime="2026-08-31T12:36:45.8131975+02:00" endTime="2026-08-31T12:36:45.8131976+02:00" testType="13cdc9d9-ddb5-4fa4-a97d-d965ccfc6d4b" outcome="Passed" testListId="8c84fa94-04c1-424b-9868-57a2d4851a1d" relativeResultsDirectory="da82b7f0-ea38-4b57-92b2-7b96886e8bd7" />
    <UnitTestResult executionId="d267ec1c-2c68-409f-b85f-36232b17b756" testId="d9ac9b17-2191-d9fb-8a5c-e7d70a309b51" testName="Werkflow.OpcUaSimulator.Tests.PhysicalAp4R7EvidenceTests.AP4R7_ExportEvidence_Succeeds" computerName="GAMING" duration="00:00:00.3686753" startTime="2026-08-31T12:40:55.4368550+02:00" endTime="2026-08-31T12:40:55.4368552+02:00" testType="13cdc9d9-ddb5-4fa4-a97d-d965ccfc6d4b" outcome="Passed" testListId="8c84fa94-04c1-424b-9868-57a2d4851a1d" relativeResultsDirectory="d267ec1c-2c68-409f-b85f-36232b17b756" />
    <UnitTestResult executionId="8a2b8a8c-41c9-4997-92fc-99a72b02f516" testId="c4ab7e1d-db18-1c58-31a3-43930273a873" testName="Werkflow.OpcUaSimulator.Tests.PhysicalAp5R4EvidenceTests.AP5R4_NormalToApproaching_EmitsExactlyOne" computerName="GAMING" duration="00:00:00.0002986" startTime="2026-08-31T12:41:49.5522575+02:00" endTime="2026-08-31T12:41:49.5522577+02:00" testType="13cdc9d9-ddb5-4fa4-a97d-d965ccfc6d4b" outcome="Passed" testListId="8c84fa94-04c1-424b-9868-57a2d4851a1d" relativeResultsDirectory="8a2b8a8c-41c9-4997-92fc-99a72b02f516" />
    <UnitTestResult executionId="b3d7bc87-cd13-4184-a578-9bc9e90ac652" testId="1c3b6bbd-f613-c806-8250-ec6b3acafe5c" testName="Werkflow.OpcUaSimulator.Tests.PhysicalAp6R2Tests.AP6R2_WindowLifecycle_RemainsGreen" computerName="GAMING" duration="00:00:00.0009195" startTime="2026-08-31T12:41:54.0150953+02:00" endTime="2026-08-31T12:41:54.0150954+02:00" testType="13cdc9d9-ddb5-4fa4-a97d-d965ccfc6d4b" outcome="Passed" testListId="8c84fa94-04c1-424b-9868-57a2d4851a1d" relativeResultsDirectory="b3d7bc87-cd13-4184-a578-9bc9e90ac652" />
    <UnitTestResult executionId="93bac06a-b15f-4651-9af9-3acfe9a3fc56" testId="12751102-4a04-8dda-f3f1-0ef217549bd8" testName="Werkflow.OpcUaSimulator.Tests.PhysicalAp3R1ProfileTests.Profile_HasMinimumHiddenStateDependencies(kind: &quot;bending&quot;)" computerName="GAMING" duration="00:00:00.0043306" startTime="2026-08-31T12:36:45.5534402+02:00" endTime="2026-08-31T12:36:45.5534405+02:00" testType="13cdc9d9-ddb5-4fa4-a97d-d965ccfc6d4b" outcome="Passed" testListId="8c84fa94-04c1-424b-9868-57a2d4851a1d" relativeResultsDirectory="93bac06a-b15f-4651-9af9-3acfe9a3fc56" />
    <UnitTestResult executionId="705a6637-4419-4a9d-a4ad-5411f4fca685" testId="f338e2ba-dbef-5572-7c5e-f5229c9ba0b6" testName="Werkflow.OpcUaSimulator.Tests.PhysicalAp6R2Tests.AP6R2_HmiAndRuntime_RepresentativeValuesMatch" computerName="GAMING" duration="00:00:02.3160081" startTime="2026-08-31T12:41:58.6023731+02:00" endTime="2026-08-31T12:41:58.6023733+02:00" testType="13cdc9d9-ddb5-4fa4-a97d-d965ccfc6d4b" outcome="Passed" testListId="8c84fa94-04c1-424b-9868-57a2d4851a1d" relativeResultsDirectory="705a6637-4419-4a9d-a4ad-5411f4fca685" />
    <UnitTestResult executionId="d6f1ed91-ca0c-408b-9de6-873af432e052" testId="2c2ae7e4-ea60-9d9c-3ab5-6486faca1637" testName="Werkflow.OpcUaSimulator.Tests.VirtualAutonomousCellHmiObservabilityP20R2Tests.P20R2_ActiveStation_FollowsPhase(phase: ContainerFill, expectedStation: &quot;Container&quot;)" computerName="GAMING" duration="00:00:00.0000024" startTime="2026-08-31T12:36:45.4961787+02:00" endTime="2026-08-31T12:36:45.4961787+02:00" testType="13cdc9d9-ddb5-4fa4-a97d-d965ccfc6d4b" outcome="Passed" testListId="8c84fa94-04c1-424b-9868-57a2d4851a1d" relativeResultsDirectory="d6f1ed91-ca0c-408b-9de6-873af432e052" />
    <UnitTestResult executionId="9f2ef0ef-5ad9-489b-af15-c39d8beb0b40" testId="ea294810-e4f6-5fa2-bd5a-576d256830d3" testName="Werkflow.OpcUaSimulator.Tests.VirtualPressBrakeSimP01R1Tests.SIM_P01_R1_StructuralIndependence_ProcessTopologyDiffersFromLaser" computerName="GAMING" duration="00:00:00.0034262" startTime="2026-08-31T12:55:29.2703522+02:00" endTime="2026-08-31T12:55:29.2703523+02:00" testType="13cdc9d9-ddb5-4fa4-a97d-d965ccfc6d4b" outcome="Passed" testListId="8c84fa94-04c1-424b-9868-57a2d4851a1d" relativeResultsDirectory="9f2ef0ef-5ad9-489b-af15-c39d8beb0b40" />
    <UnitTestResult executionId="d60fb8c3-b4d0-45d5-bbaf-173f3cbbedc6" testId="41186747-1e33-5c0f-d65d-42ab52259b8c" testName="Werkflow.OpcUaSimulator.Tests.PhysicalAp5R4EvidenceTests.AP5R4_ApproachingNormalApproaching_EmitsTwoEvents" computerName="GAMING" duration="00:00:00.0002214" startTime="2026-08-31T12:41:49.0842248+02:00" endTime="2026-08-31T12:41:49.0842249+02:00" testType="13cdc9d9-ddb5-4fa4-a97d-d965ccfc6d4b" outcome="Passed" testListId="8c84fa94-04c1-424b-9868-57a2d4851a1d" relativeResultsDirectory="d60fb8c3-b4d0-45d5-bbaf-173f3cbbedc6" />
    <UnitTestResult executionId="f7652897-f0c1-4506-93fd-067e0e150684" testId="131fadd7-0914-17de-7983-338e5269f4d1" testName="Werkflow.OpcUaSimulator.Tests.VirtualAutonomousCellBaselineTests.SIM_P03_Baseline_Completes28Parts_Unattended" computerName="GAMING" duration="00:00:00.2534214" startTime="2026-08-31T12:36:46.9375098+02:00" endTime="2026-08-31T12:36:46.9375100+02:00" testType="13cdc9d9-ddb5-4fa4-a97d-d965ccfc6d4b" outcome="Passed" testListId="8c84fa94-04c1-424b-9868-57a2d4851a1d" relativeResultsDirectory="f7652897-f0c1-4506-93fd-067e0e150684" />
    <UnitTestResult executionId="9640e5fb-cba1-4def-90a8-6bf197802bee" testId="8493e0b6-cb67-58a6-20c9-5a09bdb178be" testName="Werkflow.OpcUaSimulator.Tests.PressBrakeKinematicsPlausibilityTests.SIM_P01_PressBrake_RamVelocitySigns_ArePlausible" computerName="GAMING" duration="00:00:00.0966114" startTime="2026-08-31T12:36:46.0677272+02:00" endTime="2026-08-31T12:36:46.0677273+02:00" testType="13cdc9d9-ddb5-4fa4-a97d-d965ccfc6d4b" outcome="Passed" testListId="8c84fa94-04c1-424b-9868-57a2d4851a1d" relativeResultsDirectory="9640e5fb-cba1-4def-90a8-6bf197802bee" />
    <UnitTestResult executionId="c054d0b5-07d5-4456-bd16-7cf110c6aa22" testId="39b075b1-a83f-06bc-5071-c22376f351ce" testName="Werkflow.OpcUaSimulator.Tests.PhysicalAp3R1ProfileTests.EffectLimits_MaximumLimitsPositiveContribution" computerName="GAMING" duration="00:00:00.0001391" startTime="2026-08-31T12:36:45.5536062+02:00" endTime="2026-08-31T12:36:45.5536063+02:00" testType="13cdc9d9-ddb5-4fa4-a97d-d965ccfc6d4b" outcome="Passed" testListId="8c84fa94-04c1-424b-9868-57a2d4851a1d" relativeResultsDirectory="c054d0b5-07d5-4456-bd16-7cf110c6aa22" />
    <UnitTestResult executionId="5f20272d-6016-4162-b493-209f774442b3" testId="9ec746c5-3940-f9d5-0d38-b534d35a980a" testName="Werkflow.OpcUaSimulator.Tests.PhysicalAp6R2Tests.AP6R2_Evidence_ExportVerificationJson" computerName="GAMING" duration="00:00:02.3129932" startTime="2026-08-31T12:42:05.5795388+02:00" endTime="2026-08-31T12:42:05.5795389+02:00" testType="13cdc9d9-ddb5-4fa4-a97d-d965ccfc6d4b" outcome="Passed" testListId="8c84fa94-04c1-424b-9868-57a2d4851a1d" relativeResultsDirectory="5f20272d-6016-4162-b493-209f774442b3" />
    <UnitTestResult executionId="eb46fb15-db3b-4ebf-89c4-55ad6f033980" testId="1596b585-8faf-2219-9c15-58a371b7da53" testName="Werkflow.OpcUaSimulator.Tests.PhysicalAp4R6EvidenceTests.AP4R6_SelfConsistency_Passes" computerName="GAMING" duration="00:00:01.3710611" startTime="2026-08-31T12:40:50.8911875+02:00" endTime="2026-08-31T12:40:50.8911875+02:00" testType="13cdc9d9-ddb5-4fa4-a97d-d965ccfc6d4b" outcome="Passed" testListId="8c84fa94-04c1-424b-9868-57a2d4851a1d" relativeResultsDirectory="eb46fb15-db3b-4ebf-89c4-55ad6f033980" />
    <UnitTestResult executionId="11a62b8d-5773-4c66-8bc3-d756c073e2b2" testId="787c0324-eb02-ccc2-0c4b-da628fb44864" testName="Werkflow.OpcUaSimulator.Tests.PhysicalPhysicsR3VerificationTests.Physics_R3_ModelVerification" computerName="GAMING" duration="00:00:00.8835235" startTime="2026-08-31T12:47:49.6257578+02:00" endTime="2026-08-31T12:47:49.6257579+02:00" testType="13cdc9d9-ddb5-4fa4-a97d-d965ccfc6d4b" outcome="Passed" testListId="8c84fa94-04c1-424b-9868-57a2d4851a1d" relativeResultsDirectory="11a62b8d-5773-4c66-8bc3-d756c073e2b2" />
    <UnitTestResult executionId="c0fb1131-09cc-42c9-8e60-774cadede089" testId="501b62a8-8341-5842-41c8-681939f08441" testName="Werkflow.OpcUaSimulator.Tests.VirtualPressBrakeSimP01R1Tests.SIM_P01_R1_GroundTruth_RuntimeTick_EmitsEvents" computerName="GAMING" duration="00:00:00.1317060" startTime="2026-08-31T12:54:51.2618698+02:00" endTime="2026-08-31T12:54:51.2618698+02:00" testType="13cdc9d9-ddb5-4fa4-a97d-d965ccfc6d4b" outcome="Passed" testListId="8c84fa94-04c1-424b-9868-57a2d4851a1d" relativeResultsDirectory="c0fb1131-09cc-42c9-8e60-774cadede089" />
    <UnitTestResult executionId="d0329b44-6f60-48e3-8cfd-f15ace196eee" testId="eb582b35-8a43-b796-4fc2-65beec5f5df5" testName="Werkflow.OpcUaSimulator.Tests.PhysicalAp5R2EvidenceTests.AP5R2_FaultRecoveredWithoutThresholdConfirmed_FailsOutcome" computerName="GAMING" duration="00:00:00.0000719" startTime="2026-08-31T12:41:19.0135413+02:00" endTime="2026-08-31T12:41:19.0135414+02:00" testType="13cdc9d9-ddb5-4fa4-a97d-d965ccfc6d4b" outcome="Passed" testListId="8c84fa94-04c1-424b-9868-57a2d4851a1d" relativeResultsDirectory="d0329b44-6f60-48e3-8cfd-f15ace196eee" />
    <UnitTestResult executionId="763183a1-cca7-4f2f-964b-ad88ca29e330" testId="e318a66c-62c3-e07a-cd22-77ae0fe0c80c" testName="Werkflow.OpcUaSimulator.Tests.PhysicalAp4R1FaultScenarioTests.AP4R1_ErrorPriority_HigherFaultDominatesMessage" computerName="GAMING" duration="00:00:00.0026360" startTime="2026-08-31T12:37:31.8416863+02:00" endTime="2026-08-31T12:37:31.8416866+02:00" testType="13cdc9d9-ddb5-4fa4-a97d-d965ccfc6d4b" outcome="Passed" testListId="8c84fa94-04c1-424b-9868-57a2d4851a1d" relativeResultsDirectory="763183a1-cca7-4f2f-964b-ad88ca29e330" />
    <UnitTestResult executionId="1dce1181-4247-4dbb-bcad-95326d602c55" testId="d44bf914-cf0d-b3d4-2bde-30d5139b8a0a" testName="Werkflow.OpcUaSimulator.Tests.VigilLabVirtualMachineP14Tests.P14_NonVigilLabMachines_KeepCatalogJobChangePauseBounds" computerName="GAMING" duration="00:00:00.0003066" startTime="2026-08-31T12:54:50.7388524+02:00" endTime="2026-08-31T12:54:50.7388525+02:00" testType="13cdc9d9-ddb5-4fa4-a97d-d965ccfc6d4b" outcome="Passed" testListId="8c84fa94-04c1-424b-9868-57a2d4851a1d" relativeResultsDirectory="1dce1181-4247-4dbb-bcad-95326d602c55" />
    <UnitTestResult executionId="e1e95be0-8dc0-4c77-9a05-41adf4c1e188" testId="9d923b4a-0aa8-df37-0045-1eee52cbc769" testName="Werkflow.OpcUaSimulator.Tests.PhysicalMachineProfileTests.ReferenceProfile_LoadsSuccessfully" computerName="GAMING" duration="00:00:00.0130907" startTime="2026-08-31T12:36:45.8002588+02:00" endTime="2026-08-31T12:36:45.8002590+02:00" testType="13cdc9d9-ddb5-4fa4-a97d-d965ccfc6d4b" outcome="Passed" testListId="8c84fa94-04c1-424b-9868-57a2d4851a1d" relativeResultsDirectory="e1e95be0-8dc0-4c77-9a05-41adf4c1e188" />
    <UnitTestResult executionId="73290e2c-a8a7-48bd-8a20-d76162482529" testId="d623a455-4e03-4153-f092-872974f22f8f" testName="Werkflow.OpcUaSimulator.Tests.PhysicalAp5R2EvidenceTests.AP5R2_FaultedPhaseBeforeMachineFaulted_FailsValidation" computerName="GAMING" duration="00:00:00.0003883" startTime="2026-08-31T12:41:13.1088496+02:00" endTime="2026-08-31T12:41:13.1088496+02:00" testType="13cdc9d9-ddb5-4fa4-a97d-d965ccfc6d4b" outcome="Passed" testListId="8c84fa94-04c1-424b-9868-57a2d4851a1d" relativeResultsDirectory="73290e2c-a8a7-48bd-8a20-d76162482529" />
    <UnitTestResult executionId="05768eae-bd27-446d-a383-bcfc077a35f9" testId="7f86d32d-1949-3fcb-7737-2b433eb3188e" testName="Werkflow.OpcUaSimulator.Tests.VigilLabVirtualMachineP03R3Tests.P03R3_LiveRefreshAfterSwitch_ContinuesUpdatingSelectedMachine" computerName="GAMING" duration="00:00:00.0493057" startTime="2026-08-31T12:54:49.3683517+02:00" endTime="2026-08-31T12:54:49.3683518+02:00" testType="13cdc9d9-ddb5-4fa4-a97d-d965ccfc6d4b" outcome="Passed" testListId="8c84fa94-04c1-424b-9868-57a2d4851a1d" relativeResultsDirectory="05768eae-bd27-446d-a383-bcfc077a35f9" />
    <UnitTestResult executionId="8a7aff1f-c372-4b92-b8a9-6f89bd080016" testId="8bb6e71e-8a1f-49eb-fc5e-0b3bc92aa0fe" testName="Werkflow.OpcUaSimulator.Tests.PhysicalAp4R3EvidenceTests.AP4R3_EvidenceExport_WhenRequested" computerName="GAMING" duration="00:00:00.0002723" startTime="2026-08-31T12:40:40.2849039+02:00" endTime="2026-08-31T12:40:40.2849040+02:00" testType="13cdc9d9-ddb5-4fa4-a97d-d965ccfc6d4b" outcome="Passed" testListId="8c84fa94-04c1-424b-9868-57a2d4851a1d" relativeResultsDirectory="8a7aff1f-c372-4b92-b8a9-6f89bd080016" />
    <UnitTestResult executionId="56470e9b-d15f-4adf-96d9-ac41bbb06add" testId="47365407-ea45-a1dd-7224-d6aefc8bb28a" testName="Werkflow.OpcUaSimulator.Tests.PhysicalAp4R2FaultScenarioTests.AP4R2_TimelineValidator_RejectedWhenThresholdConfirmedWithoutFirstReached" computerName="GAMING" duration="00:00:00.0011531" startTime="2026-08-31T12:38:36.3921785+02:00" endTime="2026-08-31T12:38:36.3921787+02:00" testType="13cdc9d9-ddb5-4fa4-a97d-d965ccfc6d4b" outcome="Passed" testListId="8c84fa94-04c1-424b-9868-57a2d4851a1d" relativeResultsDirectory="56470e9b-d15f-4adf-96d9-ac41bbb06add" />
    <UnitTestResult executionId="55ba66d0-3407-468d-9231-2ca50668bccd" testId="e77e4d62-3d7e-8ba9-3668-18ca5b0b67d0" testName="Werkflow.OpcUaSimulator.Tests.TechnicalLearningMachine300R1ProfileTests.Generator_Counter_DoesNotExceedHardMaximum" computerName="GAMING" duration="00:00:00.0349217" startTime="2026-08-31T12:36:45.5076620+02:00" endTime="2026-08-31T12:36:45.5076622+02:00" testType="13cdc9d9-ddb5-4fa4-a97d-d965ccfc6d4b" outcome="Passed" testListId="8c84fa94-04c1-424b-9868-57a2d4851a1d" relativeResultsDirectory="55ba66d0-3407-468d-9231-2ca50668bccd" />
    <UnitTestResult executionId="b106ca9f-ab78-497a-961c-97865c07cb3d" testId="7b19e939-2afb-54a4-9f8a-bef1bfe82ffb" testName="Werkflow.OpcUaSimulator.Tests.PhysicalAp4R2FaultScenarioTests.AP4R2_FaultRecovery_LaserAndHydraulicPass" computerName="GAMING" duration="00:00:00.2528800" startTime="2026-08-31T12:38:36.6465619+02:00" endTime="2026-08-31T12:38:36.6465620+02:00" testType="13cdc9d9-ddb5-4fa4-a97d-d965ccfc6d4b" outcome="Passed" testListId="8c84fa94-04c1-424b-9868-57a2d4851a1d" relativeResultsDirectory="b106ca9f-ab78-497a-961c-97865c07cb3d" />
    <UnitTestResult executionId="b3147f11-9300-41d2-a58f-15491ad103bd" testId="f9530b1b-77f1-0c98-7bb0-8fb9e18de7e7" testName="Werkflow.OpcUaSimulator.Tests.LaserKinematicsPlausibilityTests.VirtualMachine_Kinematics_UseWorkspaceAndPhaseFeed" computerName="GAMING" duration="00:00:02.3477923" startTime="2026-08-31T12:36:47.8177336+02:00" endTime="2026-08-31T12:36:47.8177337+02:00" testType="13cdc9d9-ddb5-4fa4-a97d-d965ccfc6d4b" outcome="Failed" testListId="8c84fa94-04c1-424b-9868-57a2d4851a1d" relativeResultsDirectory="b3147f11-9300-41d2-a58f-15491ad103bd">
      <Output>
        <ErrorInfo>
          <Message>Assert.True() Failure&#xD;
Expected: True&#xD;
Actual:   False</Message>
          <StackTrace>   at Werkflow.OpcUaSimulator.Tests.LaserKinematicsPlausibilityTests.VirtualMachine_Kinematics_UseWorkspaceAndPhaseFeed() in C:\WerkFlow\Coding\Simulation-RUN018\Werkflow.OpcUaSimulator.Tests\LaserKinematicsPlausibilityTests.cs:line 60&#xD;
   at System.RuntimeMethodHandle.InvokeMethod(Object target, Void** arguments, Signature sig, Boolean isConstructor)&#xD;
   at System.Reflection.MethodBaseInvoker.InvokeWithNoArgs(Object obj, BindingFlags invokeAttr)</StackTrace>
        </ErrorInfo>
      </Output>
    </UnitTestResult>
    <UnitTestResult executionId="959beecf-b73f-43a6-acc6-7979b0e5f19a" testId="0d623107-f7b0-5fd6-0e27-c58386c531c0" testName="Werkflow.OpcUaSimulator.Tests.VirtualAutonomousCellTwoStageStartP20R3Tests.P20R3_SingleStart_SufficientForUnattendedBaseline" computerName="GAMING" duration="00:00:00.2436403" startTime="2026-08-31T12:36:46.5453374+02:00" endTime="2026-08-31T12:36:46.5453376+02:00" testType="13cdc9d9-ddb5-4fa4-a97d-d965ccfc6d4b" outcome="Passed" testListId="8c84fa94-04c1-424b-9868-57a2d4851a1d" relativeResultsDirectory="959beecf-b73f-43a6-acc6-7979b0e5f19a" />
    <UnitTestResult executionId="8701877c-cfcd-4118-8e39-172f56760652" testId="63b9d836-5052-529e-7905-f8821a2057ad" testName="Werkflow.OpcUaSimulator.Tests.PhysicalAp6R2Tests.AP6R2_Overview_ContainsExpectedKeySemantics" computerName="GAMING" duration="00:00:02.1964990" startTime="2026-08-31T12:42:28.7206785+02:00" endTime="2026-08-31T12:42:28.7206786+02:00" testType="13cdc9d9-ddb5-4fa4-a97d-d965ccfc6d4b" outcome="Passed" testListId="8c84fa94-04c1-424b-9868-57a2d4851a1d" relativeResultsDirectory="8701877c-cfcd-4118-8e39-172f56760652" />
    <UnitTestResult executionId="dc153d7d-587e-4561-82d3-a7b591609364" testId="f72568e3-6b41-c4e8-ec65-0647233345fb" testName="Werkflow.OpcUaSimulator.Tests.TechnicalLearningMachine300R1ProfileTests.Generator_String_RemainsString" computerName="GAMING" duration="00:00:00.0019471" startTime="2026-08-31T12:36:45.5478116+02:00" endTime="2026-08-31T12:36:45.5478117+02:00" testType="13cdc9d9-ddb5-4fa4-a97d-d965ccfc6d4b" outcome="Passed" testListId="8c84fa94-04c1-424b-9868-57a2d4851a1d" relativeResultsDirectory="dc153d7d-587e-4561-82d3-a7b591609364" />
    <UnitTestResult executionId="ec92adf8-13df-4d3d-ac43-b81be7a39fd8" testId="fa451e04-fab6-3c02-ca88-08c3805e5236" testName="Werkflow.OpcUaSimulator.Tests.PhysicalAp6R2Tests.AP6R2_CanExecute_StartCorrectForPausedState" computerName="GAMING" duration="00:00:02.3488043" startTime="2026-08-31T12:42:12.4357214+02:00" endTime="2026-08-31T12:42:12.4357217+02:00" testType="13cdc9d9-ddb5-4fa4-a97d-d965ccfc6d4b" outcome="Passed" testListId="8c84fa94-04c1-424b-9868-57a2d4851a1d" relativeResultsDirectory="ec92adf8-13df-4d3d-ac43-b81be7a39fd8" />
    <UnitTestResult executionId="55553c44-b684-4dd5-8ef5-8ce80bf31117" testId="2021f555-3f8a-2548-18b6-1c69b0e9b5ee" testName="Werkflow.OpcUaSimulator.Tests.VigilLabVirtualMachineP03R3Tests.P03R3_SelectionChange_ClearsSessionBoundPresentationBeforeRebind" computerName="GAMING" duration="00:00:00.0022142" startTime="2026-08-31T12:54:49.3706314+02:00" endTime="2026-08-31T12:54:49.3706315+02:00" testType="13cdc9d9-ddb5-4fa4-a97d-d965ccfc6d4b" outcome="Passed" testListId="8c84fa94-04c1-424b-9868-57a2d4851a1d" relativeResultsDirectory="55553c44-b684-4dd5-8ef5-8ce80bf31117" />
    <UnitTestResult executionId="81d81ebe-b737-499a-9055-c6dd23a87ff2" testId="c2738a88-a846-0389-6221-ebc998cf5196" testName="Werkflow.OpcUaSimulator.Tests.PhysicalAp3R1ProfileTests.Profile_SignalCount_IsWithinTargetRange(kind: &quot;bending&quot;)" computerName="GAMING" duration="00:00:00.0206224" startTime="2026-08-31T12:36:45.4989100+02:00" endTime="2026-08-31T12:36:45.4989100+02:00" testType="13cdc9d9-ddb5-4fa4-a97d-d965ccfc6d4b" outcome="Passed" testListId="8c84fa94-04c1-424b-9868-57a2d4851a1d" relativeResultsDirectory="81d81ebe-b737-499a-9055-c6dd23a87ff2" />
    <UnitTestResult executionId="c24dae25-07ae-43b7-8353-cdd698cc95b9" testId="f1790b95-62bf-d047-5c5b-5be4c2503ec1" testName="Werkflow.OpcUaSimulator.Tests.PhysicalSimulationEngineTests.MachineProfiles_AreDifferent" computerName="GAMING" duration="00:00:00.0017119" startTime="2026-08-31T12:36:46.3750853+02:00" endTime="2026-08-31T12:36:46.3750856+02:00" testType="13cdc9d9-ddb5-4fa4-a97d-d965ccfc6d4b" outcome="Passed" testListId="8c84fa94-04c1-424b-9868-57a2d4851a1d" relativeResultsDirectory="c24dae25-07ae-43b7-8353-cdd698cc95b9" />
    <UnitTestResult executionId="527f6d6c-7930-4a1e-8e5d-edae66f5cd23" testId="077dc8e3-9608-cc76-341d-f7afe35f44a1" testName="Werkflow.OpcUaSimulator.Tests.VirtualPressBrakeSimP02Tests.SIM_P02_AutomaticPartContinuation_WithoutManualStart" computerName="GAMING" duration="00:00:00.0776826" startTime="2026-08-31T12:36:45.6191113+02:00" endTime="2026-08-31T12:36:45.6191115+02:00" testType="13cdc9d9-ddb5-4fa4-a97d-d965ccfc6d4b" outcome="Passed" testListId="8c84fa94-04c1-424b-9868-57a2d4851a1d" relativeResultsDirectory="527f6d6c-7930-4a1e-8e5d-edae66f5cd23" />
    <UnitTestResult executionId="9f6cb62c-a232-42fc-a216-e1463b3e22be" testId="d3e4d22e-5f52-9c71-10ad-401cb1a2f256" testName="Werkflow.OpcUaSimulator.Tests.PhysicalAp4FaultScenarioTests.AP4_EachScenario_LoadsAndValidatesForCompatibleProfile" computerName="GAMING" duration="00:00:00.0166987" startTime="2026-08-31T12:37:31.8386210+02:00" endTime="2026-08-31T12:37:31.8386211+02:00" testType="13cdc9d9-ddb5-4fa4-a97d-d965ccfc6d4b" outcome="Passed" testListId="8c84fa94-04c1-424b-9868-57a2d4851a1d" relativeResultsDirectory="9f6cb62c-a232-42fc-a216-e1463b3e22be" />
    <UnitTestResult executionId="17c73ba3-dbb7-4029-833a-98c7a1f74558" testId="88ad264d-3f1f-b969-9627-02fe37940ae6" testName="Werkflow.OpcUaSimulator.Tests.PhysicalAp4R4EvidenceTests.AP4R4_SensorDrift_FailsWithDistinctValuesOne" computerName="GAMING" duration="00:00:00.0020215" startTime="2026-08-31T12:40:42.4394254+02:00" endTime="2026-08-31T12:40:42.4394254+02:00" testType="13cdc9d9-ddb5-4fa4-a97d-d965ccfc6d4b" outcome="Passed" testListId="8c84fa94-04c1-424b-9868-57a2d4851a1d" relativeResultsDirectory="17c73ba3-dbb7-4029-833a-98c7a1f74558" />
    <UnitTestResult executionId="c5727fab-5a47-40fb-8e27-4a99975388e3" testId="2af0c53c-f269-289c-7331-3ddc55b8f700" testName="Werkflow.OpcUaSimulator.Tests.VirtualAutonomousCellContractTests.SIM_P03_FixtureClampForce_NotClampPressure" computerName="GAMING" duration="00:00:00.0016319" startTime="2026-08-31T12:36:45.4999334+02:00" endTime="2026-08-31T12:36:45.4999335+02:00" testType="13cdc9d9-ddb5-4fa4-a97d-d965ccfc6d4b" outcome="Passed" testListId="8c84fa94-04c1-424b-9868-57a2d4851a1d" relativeResultsDirectory="c5727fab-5a47-40fb-8e27-4a99975388e3" />
    <UnitTestResult executionId="2bd2fcf8-bb84-4fa2-9e7a-135280c752ab" testId="6636de44-68bb-5bf9-387b-89cbebfd17b0" testName="Werkflow.OpcUaSimulator.Tests.TechnicalLearningMachine300R1ProfileTests.Profile300_CounterSignals_UseIntegerTypes" computerName="GAMING" duration="00:00:00.0012199" startTime="2026-08-31T12:36:45.5214621+02:00" endTime="2026-08-31T12:36:45.5214622+02:00" testType="13cdc9d9-ddb5-4fa4-a97d-d965ccfc6d4b" outcome="Passed" testListId="8c84fa94-04c1-424b-9868-57a2d4851a1d" relativeResultsDirectory="2bd2fcf8-bb84-4fa2-9e7a-135280c752ab" />
    <UnitTestResult executionId="78bdbf01-98da-4e49-a092-6df27b099670" testId="ab70d0be-87e5-94c5-4bb5-18450aee24b1" testName="Werkflow.OpcUaSimulator.Tests.PhysicalSimulationEngineTests.HardLimits_AreNotExceeded" computerName="GAMING" duration="00:00:00.1764530" startTime="2026-08-31T12:36:46.5516773+02:00" endTime="2026-08-31T12:36:46.5516775+02:00" testType="13cdc9d9-ddb5-4fa4-a97d-d965ccfc6d4b" outcome="Passed" testListId="8c84fa94-04c1-424b-9868-57a2d4851a1d" relativeResultsDirectory="78bdbf01-98da-4e49-a092-6df27b099670" />
    <UnitTestResult executionId="18c4cc3c-2271-4e7a-bb37-3571cb252644" testId="4ff52e1a-ca63-8a0c-60d4-2f215359364c" testName="Werkflow.OpcUaSimulator.Tests.VigilLabVirtualMachineP14Tests.P14_SinglePartPhysicsProfile_RemainsUnchanged" computerName="GAMING" duration="00:00:00.0005640" startTime="2026-08-31T12:54:50.7396437+02:00" endTime="2026-08-31T12:54:50.7396438+02:00" testType="13cdc9d9-ddb5-4fa4-a97d-d965ccfc6d4b" outcome="Passed" testListId="8c84fa94-04c1-424b-9868-57a2d4851a1d" relativeResultsDirectory="18c4cc3c-2271-4e7a-bb37-3571cb252644" />
    <UnitTestResult executionId="bb343ab9-0359-48b7-afc0-73095764ec21" testId="53e69a9b-9d48-8473-6900-67bc4590c8c0" testName="Werkflow.OpcUaSimulator.Tests.VigilLabVirtualMachineP03Tests.P03_VigilLabMachineContract_IsStable" computerName="GAMING" duration="00:00:00.0001420" startTime="2026-08-31T12:54:49.5336268+02:00" endTime="2026-08-31T12:54:49.5336269+02:00" testType="13cdc9d9-ddb5-4fa4-a97d-d965ccfc6d4b" outcome="Passed" testListId="8c84fa94-04c1-424b-9868-57a2d4851a1d" relativeResultsDirectory="bb343ab9-0359-48b7-afc0-73095764ec21" />
    <UnitTestResult executionId="e24edbab-5421-422e-9b5f-33153d07de38" testId="aa6d2fc8-3373-1479-0698-4a6b655a6998" testName="Werkflow.OpcUaSimulator.Tests.PhysicalAp3R4CorrelationEvaluatorTests.WrongDirection_Failed" computerName="GAMING" duration="00:00:00.0001059" startTime="2026-08-31T12:36:45.4996222+02:00" endTime="2026-08-31T12:36:45.4996222+02:00" testType="13cdc9d9-ddb5-4fa4-a97d-d965ccfc6d4b" outcome="Passed" testListId="8c84fa94-04c1-424b-9868-57a2d4851a1d" relativeResultsDirectory="e24edbab-5421-422e-9b5f-33153d07de38" />
    <UnitTestResult executionId="8d99e844-8ce3-4ff1-88cd-6e5c9987a87b" testId="c7aa1004-45de-048a-8400-21552ec204be" testName="Werkflow.OpcUaSimulator.Tests.NodeIdParserTests.ValidateNodeMappings_DetectsDuplicates" computerName="GAMING" duration="00:00:00.0014447" startTime="2026-08-31T12:36:45.5202545+02:00" endTime="2026-08-31T12:36:45.5202546+02:00" testType="13cdc9d9-ddb5-4fa4-a97d-d965ccfc6d4b" outcome="Passed" testListId="8c84fa94-04c1-424b-9868-57a2d4851a1d" relativeResultsDirectory="8d99e844-8ce3-4ff1-88cd-6e5c9987a87b" />
    <UnitTestResult executionId="022c1b16-00e7-4a99-b4f9-6bfb402ae91d" testId="ef3b37f2-6517-e626-e88a-27b4a0c8393d" testName="Werkflow.OpcUaSimulator.Tests.VirtualPressBrakeSimP01R1Tests.SIM_P01_R1_LiveOpcUaSmoke_All14SignalsReadable" computerName="GAMING" duration="00:00:37.9533465" startTime="2026-08-31T12:55:29.2156310+02:00" endTime="2026-08-31T12:55:29.2156313+02:00" testType="13cdc9d9-ddb5-4fa4-a97d-d965ccfc6d4b" outcome="Passed" testListId="8c84fa94-04c1-424b-9868-57a2d4851a1d" relativeResultsDirectory="022c1b16-00e7-4a99-b4f9-6bfb402ae91d" />
    <UnitTestResult executionId="669695d4-882e-46d0-a6e5-5cfe42203941" testId="bc3c1a8d-318a-c3d3-283c-2886618a3632" testName="Werkflow.OpcUaSimulator.Tests.VirtualAutonomousCellTwoStageStartP20R3Tests.P20R3_AfterJobApply_FixtureAndProcessRemainInactive" computerName="GAMING" duration="00:00:00.2343224" startTime="2026-08-31T12:36:46.2600553+02:00" endTime="2026-08-31T12:36:46.2600554+02:00" testType="13cdc9d9-ddb5-4fa4-a97d-d965ccfc6d4b" outcome="Passed" testListId="8c84fa94-04c1-424b-9868-57a2d4851a1d" relativeResultsDirectory="669695d4-882e-46d0-a6e5-5cfe42203941" />
    <UnitTestResult executionId="9c918245-c714-471e-8f11-6308b9ab990c" testId="35423c1f-2983-c48b-2fb0-879d1a50c07b" testName="Werkflow.OpcUaSimulator.Tests.PhysicalAp6R1StartupTests.AP6R1_App_OnStartup_ShowsMainWindowExplicitly" computerName="GAMING" duration="00:00:00.0017130" startTime="2026-08-31T12:36:45.5158034+02:00" endTime="2026-08-31T12:36:45.5158036+02:00" testType="13cdc9d9-ddb5-4fa4-a97d-d965ccfc6d4b" outcome="Failed" testListId="8c84fa94-04c1-424b-9868-57a2d4851a1d" relativeResultsDirectory="9c918245-c714-471e-8f11-6308b9ab990c">
      <Output>
        <ErrorInfo>
          <Message>Assert.Contains() Failure: Sub-string not found&#xD;
String:    "(StartupEventArgs e)\r\n\t{\r\n\t\tbase.OnStartu"···&#xD;
Not found: "mainWindow.Show()"</Message>
          <StackTrace>   at Werkflow.OpcUaSimulator.Tests.PhysicalAp6R1StartupTests.AP6R1_App_OnStartup_ShowsMainWindowExplicitly() in C:\WerkFlow\Coding\Simulation-RUN018\Werkflow.OpcUaSimulator.Tests\PhysicalAp6R1StartupTests.cs:line 53&#xD;
   at System.RuntimeMethodHandle.InvokeMethod(Object target, Void** arguments, Signature sig, Boolean isConstructor)&#xD;
   at System.Reflection.MethodBaseInvoker.InvokeWithNoArgs(Object obj, BindingFlags invokeAttr)</StackTrace>
        </ErrorInfo>
      </Output>
    </UnitTestResult>
    <UnitTestResult executionId="1f86d9d2-3fb6-4e15-b4e9-7f13e556d677" testId="28ec05b0-b09c-7e72-7486-3fe858d50fed" testName="Werkflow.OpcUaSimulator.Tests.PhysicalAp5R2EvidenceTests.AP5R2_SameSeed_ReproducibleWithThresholdConfirmed" computerName="GAMING" duration="00:00:01.2608270" startTime="2026-08-31T12:41:13.1084142+02:00" endTime="2026-08-31T12:41:13.1084143+02:00" testType="13cdc9d9-ddb5-4fa4-a97d-d965ccfc6d4b" outcome="Passed" testListId="8c84fa94-04c1-424b-9868-57a2d4851a1d" relativeResultsDirectory="1f86d9d2-3fb6-4e15-b4e9-7f13e556d677" />
    <UnitTestResult executionId="5179dbd6-368c-4744-bd21-dd9b8be9ed2d" testId="37afcd91-5c78-dc58-f648-481c901400f5" testName="Werkflow.OpcUaSimulator.Tests.PhysicalSimulationEngineTests.Friction_ReducesAxisSpeed" computerName="GAMING" duration="00:00:00.0545709" startTime="2026-08-31T12:36:46.3718185+02:00" endTime="2026-08-31T12:36:46.3718187+02:00" testType="13cdc9d9-ddb5-4fa4-a97d-d965ccfc6d4b" outcome="Passed" testListId="8c84fa94-04c1-424b-9868-57a2d4851a1d" relativeResultsDirectory="5179dbd6-368c-4744-bd21-dd9b8be9ed2d" />
    <UnitTestResult executionId="baeb66cc-075c-459a-ba54-a0eb2d827fd2" testId="99278a68-aced-a537-7297-f903a734023f" testName="Werkflow.OpcUaSimulator.Tests.PhysicalAp6VirtualMachineTests.AP6_VerificationHarness_Passes" computerName="GAMING" duration="00:00:04.5098149" startTime="2026-08-31T12:42:33.2730264+02:00" endTime="2026-08-31T12:42:33.2730267+02:00" testType="13cdc9d9-ddb5-4fa4-a97d-d965ccfc6d4b" outcome="Passed" testListId="8c84fa94-04c1-424b-9868-57a2d4851a1d" relativeResultsDirectory="baeb66cc-075c-459a-ba54-a0eb2d827fd2" />
    <UnitTestResult executionId="2d2ce393-714b-453e-bbe3-d70860629cbe" testId="f7fd011f-55be-7ab1-f63f-e65711cace4e" testName="Werkflow.OpcUaSimulator.Tests.VirtualAutonomousCellHmiObservabilityP20R2Tests.P20R2_JobResolution_DoesNotUseLaserCatalog50" computerName="GAMING" duration="00:00:00.0001538" startTime="2026-08-31T12:36:46.9674947+02:00" endTime="2026-08-31T12:36:46.9674948+02:00" testType="13cdc9d9-ddb5-4fa4-a97d-d965ccfc6d4b" outcome="Passed" testListId="8c84fa94-04c1-424b-9868-57a2d4851a1d" relativeResultsDirectory="2d2ce393-714b-453e-bbe3-d70860629cbe" />
    <UnitTestResult executionId="f5d4002d-fbdf-467d-987f-b41468b3d0b5" testId="298521c9-6e3d-f393-4e09-96b1727caacc" testName="Werkflow.OpcUaSimulator.Tests.PhysicalAp5R1EvidenceTests.AP5R1_NormalDuration_ComputedForGroundTruthOnly" computerName="GAMING" duration="00:00:00.0026122" startTime="2026-08-31T12:41:02.0426653+02:00" endTime="2026-08-31T12:41:02.0426654+02:00" testType="13cdc9d9-ddb5-4fa4-a97d-d965ccfc6d4b" outcome="Passed" testListId="8c84fa94-04c1-424b-9868-57a2d4851a1d" relativeResultsDirectory="f5d4002d-fbdf-467d-987f-b41468b3d0b5" />
    <UnitTestResult executionId="b5c98684-0a0c-461d-8c47-f54ab72ff58b" testId="6fa847e7-d9ec-b12b-f80c-f331ba717b3e" testName="Werkflow.OpcUaSimulator.Tests.JobGeneratorTests.GenerateJobs_CreatesFixedCatalog" computerName="GAMING" duration="00:00:00.0090528" startTime="2026-08-31T12:36:45.4963492+02:00" endTime="2026-08-31T12:36:45.4963493+02:00" testType="13cdc9d9-ddb5-4fa4-a97d-d965ccfc6d4b" outcome="Passed" testListId="8c84fa94-04c1-424b-9868-57a2d4851a1d" relativeResultsDirectory="b5c98684-0a0c-461d-8c47-f54ab72ff58b" />
    <UnitTestResult executionId="f55f0a4c-9bac-4f94-8e41-1b9a36ab4463" testId="d7549c89-b661-ce3c-a609-ed449a62dccf" testName="Werkflow.OpcUaSimulator.Tests.TechnicalLearningMachine300R1ProfileTests.Profile300_IsValid_AndInSignalRange" computerName="GAMING" duration="00:00:00.0031603" startTime="2026-08-31T12:36:45.5434566+02:00" endTime="2026-08-31T12:36:45.5434568+02:00" testType="13cdc9d9-ddb5-4fa4-a97d-d965ccfc6d4b" outcome="Passed" testListId="8c84fa94-04c1-424b-9868-57a2d4851a1d" relativeResultsDirectory="f55f0a4c-9bac-4f94-8e41-1b9a36ab4463" />
    <UnitTestResult executionId="a0579dc9-40f0-4448-a5d7-df167a89aef6" testId="0874eefc-0c4d-08bf-08ca-5f25e8b3b172" testName="Werkflow.OpcUaSimulator.Tests.VirtualAutonomousCellHmiObservabilityP20R2Tests.P20R2_Core24Contract_Unchanged" computerName="GAMING" duration="00:00:00.0004523" startTime="2026-08-31T12:36:46.9798269+02:00" endTime="2026-08-31T12:36:46.9798270+02:00" testType="13cdc9d9-ddb5-4fa4-a97d-d965ccfc6d4b" outcome="Passed" testListId="8c84fa94-04c1-424b-9868-57a2d4851a1d" relativeResultsDirectory="a0579dc9-40f0-4448-a5d7-df167a89aef6" />
    <UnitTestResult executionId="2a831af8-78c3-42c9-93e7-639b4f3a5a40" testId="23f7654b-559c-d2b5-cccb-0877ef0b027f" testName="Werkflow.OpcUaSimulator.Tests.PhysicalAp4R7EvidenceTests.AP4R7_HydraulicEfficiencyRecovery_Passes" computerName="GAMING" duration="00:00:00.3266302" startTime="2026-08-31T12:40:55.7638476+02:00" endTime="2026-08-31T12:40:55.7638477+02:00" testType="13cdc9d9-ddb5-4fa4-a97d-d965ccfc6d4b" outcome="Passed" testListId="8c84fa94-04c1-424b-9868-57a2d4851a1d" relativeResultsDirectory="2a831af8-78c3-42c9-93e7-639b4f3a5a40" />
    <UnitTestResult executionId="e2ceb04e-f51d-4343-b211-082ff7dbd938" testId="e9f545c2-0e1c-b72b-0f69-5884d31f2532" testName="Werkflow.OpcUaSimulator.Tests.PhysicalSignalVerificationTests.Verification_TestC_PauseResume_TwoMachines_WhenEnabled" computerName="GAMING" duration="00:00:00.0005739" startTime="2026-08-31T12:54:01.2398017+02:00" endTime="2026-08-31T12:54:01.2398020+02:00" testType="13cdc9d9-ddb5-4fa4-a97d-d965ccfc6d4b" outcome="Passed" testListId="8c84fa94-04c1-424b-9868-57a2d4851a1d" relativeResultsDirectory="e2ceb04e-f51d-4343-b211-082ff7dbd938" />
    <UnitTestResult executionId="0d64f66c-5fa9-4e85-aae4-928d34a44630" testId="f1ad339a-7b41-d35c-55d8-c939a0d9e14f" testName="Werkflow.OpcUaSimulator.Tests.PhysicalAp4R4EvidenceTests.AP4R4_RequiredDirectionCheckFalse_FailsOverall" computerName="GAMING" duration="00:00:00.0008456" startTime="2026-08-31T12:40:42.4429353+02:00" endTime="2026-08-31T12:40:42.4429354+02:00" testType="13cdc9d9-ddb5-4fa4-a97d-d965ccfc6d4b" outcome="Passed" testListId="8c84fa94-04c1-424b-9868-57a2d4851a1d" relativeResultsDirectory="0d64f66c-5fa9-4e85-aae4-928d34a44630" />
    <UnitTestResult executionId="3388c04a-bdc5-4ece-8a82-cfaf6d7d4541" testId="01416ca5-f52c-944a-e573-dd5310dd4457" testName="Werkflow.OpcUaSimulator.Tests.PhysicalPhysicsR3VerificationTests.Physics_R3_EndToEnd_TwoMachines" computerName="GAMING" duration="00:02:36.2055884" startTime="2026-08-31T12:47:48.7452989+02:00" endTime="2026-08-31T12:47:48.7452990+02:00" testType="13cdc9d9-ddb5-4fa4-a97d-d965ccfc6d4b" outcome="Failed" testListId="8c84fa94-04c1-424b-9868-57a2d4851a1d" relativeResultsDirectory="3388c04a-bdc5-4ece-8a82-cfaf6d7d4541">
      <Output>
        <ErrorInfo>
          <Message>Assert.True() Failure&#xD;
Expected: True&#xD;
Actual:   False</Message>
          <StackTrace>   at Werkflow.OpcUaSimulator.Tests.PhysicalPhysicsR3VerificationTests.Physics_R3_EndToEnd_TwoMachines() in C:\WerkFlow\Coding\Simulation-RUN018\Werkflow.OpcUaSimulator.Tests\PhysicalPhysicsR3VerificationTests.cs:line 26&#xD;
--- End of stack trace from previous location ---</StackTrace>
        </ErrorInfo>
      </Output>
    </UnitTestResult>
    <UnitTestResult executionId="fa1aacb3-cffc-45a0-b4f1-f2f46399ca62" testId="87ad6189-6b04-0f0e-ab3d-2f85a1671661" testName="Werkflow.OpcUaSimulator.Tests.PhysicalAp4R4EvidenceTests.AP4R4_PostRecovery_FailsWhenAboveFaultThreshold" computerName="GAMING" duration="00:00:00.0004014" startTime="2026-08-31T12:40:43.8155158+02:00" endTime="2026-08-31T12:40:43.8155159+02:00" testType="13cdc9d9-ddb5-4fa4-a97d-d965ccfc6d4b" outcome="Passed" testListId="8c84fa94-04c1-424b-9868-57a2d4851a1d" relativeResultsDirectory="fa1aacb3-cffc-45a0-b4f1-f2f46399ca62" />
    <UnitTestResult executionId="3473c252-0925-4414-8d35-4aca8ca32251" testId="12aecfce-7920-4caa-85a8-ced390569d59" testName="Werkflow.OpcUaSimulator.Tests.PhysicalMachineProfileTests.DuplicateSignalId_IsDetected" computerName="GAMING" duration="00:00:00.0084872" startTime="2026-08-31T12:36:45.8263206+02:00" endTime="2026-08-31T12:36:45.8263208+02:00" testType="13cdc9d9-ddb5-4fa4-a97d-d965ccfc6d4b" outcome="Passed" testListId="8c84fa94-04c1-424b-9868-57a2d4851a1d" relativeResultsDirectory="3473c252-0925-4414-8d35-4aca8ca32251" />
    <UnitTestResult executionId="03f61c9b-c355-43c7-8096-135a065dcd71" testId="6586e19a-d642-3784-f864-c3c9ce41fac6" testName="Werkflow.OpcUaSimulator.Tests.PhysicalSimulationEngineTests.Temperature_HasHigherInertiaThanCurrent" computerName="GAMING" duration="00:00:00.0011519" startTime="2026-08-31T12:36:46.3271019+02:00" endTime="2026-08-31T12:36:46.3271020+02:00" testType="13cdc9d9-ddb5-4fa4-a97d-d965ccfc6d4b" outcome="Passed" testListId="8c84fa94-04c1-424b-9868-57a2d4851a1d" relativeResultsDirectory="03f61c9b-c355-43c7-8096-135a065dcd71" />
    <UnitTestResult executionId="033cdc2d-c9c7-42db-aa5c-099ea24b11b6" testId="61a55578-b465-f71c-4d86-8e2df57329f9" testName="Werkflow.OpcUaSimulator.Tests.PhysicalAp6VirtualMachineTests.AP6_LeakageRegression_StillPasses" computerName="GAMING" duration="00:00:02.2009705" startTime="2026-08-31T12:42:35.4776109+02:00" endTime="2026-08-31T12:42:35.4776111+02:00" testType="13cdc9d9-ddb5-4fa4-a97d-d965ccfc6d4b" outcome="Passed" testListId="8c84fa94-04c1-424b-9868-57a2d4851a1d" relativeResultsDirectory="033cdc2d-c9c7-42db-aa5c-099ea24b11b6" />
    <UnitTestResult executionId="0204fc52-9ad8-4643-8b2a-8e9493b8bae2" testId="99bbdea6-b314-7555-b2bb-fce71eb6c539" testName="Werkflow.OpcUaSimulator.Tests.VirtualAutonomousCellHmiObservabilityP20R2Tests.P20R2_ActiveStation_FollowsPhase(phase: ProcessPressFit, expectedStation: &quot;Press-Fit&quot;)" computerName="GAMING" duration="00:00:00.0002034" startTime="2026-08-31T12:36:45.4818900+02:00" endTime="2026-08-31T12:36:45.4818901+02:00" testType="13cdc9d9-ddb5-4fa4-a97d-d965ccfc6d4b" outcome="Passed" testListId="8c84fa94-04c1-424b-9868-57a2d4851a1d" relativeResultsDirectory="0204fc52-9ad8-4643-8b2a-8e9493b8bae2" />
    <UnitTestResult executionId="28cb1035-8598-4a33-b9c2-da8207793579" testId="6498d1e4-ffb5-766c-9e01-aaa926789073" testName="Werkflow.OpcUaSimulator.Tests.VirtualAutonomousCellHmiObservabilityP20R2Tests.P20R2_PartRemaining_IsNonNegative" computerName="GAMING" duration="00:00:00.0390247" startTime="2026-08-31T12:36:46.6620518+02:00" endTime="2026-08-31T12:36:46.6620519+02:00" testType="13cdc9d9-ddb5-4fa4-a97d-d965ccfc6d4b" outcome="Passed" testListId="8c84fa94-04c1-424b-9868-57a2d4851a1d" relativeResultsDirectory="28cb1035-8598-4a33-b9c2-da8207793579" />
    <UnitTestResult executionId="88bdea58-e589-4c6a-9c12-5d9dd1ec19d3" testId="df23308c-0e3e-ccb3-efdf-2f8a67b744bf" testName="Werkflow.OpcUaSimulator.Tests.PhysicalAp3R1ProfileTests.Profile_HasMinimumHiddenStateDependencies(kind: &quot;laser&quot;)" computerName="GAMING" duration="00:00:00.0019736" startTime="2026-08-31T12:36:45.5489495+02:00" endTime="2026-08-31T12:36:45.5489497+02:00" testType="13cdc9d9-ddb5-4fa4-a97d-d965ccfc6d4b" outcome="Passed" testListId="8c84fa94-04c1-424b-9868-57a2d4851a1d" relativeResultsDirectory="88bdea58-e589-4c6a-9c12-5d9dd1ec19d3" />
    <UnitTestResult executionId="9043b34a-6978-4c30-8c5a-b4522e588efd" testId="d05c2682-6921-1804-91aa-2f1ad04d0468" testName="Werkflow.OpcUaSimulator.Tests.VigilLabVirtualMachineP03R3Tests.P03R3_VigilLab_StillReachesCutting" computerName="GAMING" duration="00:00:00.0249832" startTime="2026-08-31T12:54:49.3189863+02:00" endTime="2026-08-31T12:54:49.3189865+02:00" testType="13cdc9d9-ddb5-4fa4-a97d-d965ccfc6d4b" outcome="Passed" testListId="8c84fa94-04c1-424b-9868-57a2d4851a1d" relativeResultsDirectory="9043b34a-6978-4c30-8c5a-b4522e588efd" />
    <UnitTestResult executionId="0576203c-56de-4b71-8e34-47a651f7233e" testId="c6048d55-1b36-320f-1028-09fa6e511398" testName="Werkflow.OpcUaSimulator.Tests.PhysicalSimulationEngineTests.ModeSwitch_DoesNotCreateDuplicateEngines" computerName="GAMING" duration="00:00:00.0026628" startTime="2026-08-31T12:36:46.7386936+02:00" endTime="2026-08-31T12:36:46.7386937+02:00" testType="13cdc9d9-ddb5-4fa4-a97d-d965ccfc6d4b" outcome="Passed" testListId="8c84fa94-04c1-424b-9868-57a2d4851a1d" relativeResultsDirectory="0576203c-56de-4b71-8e34-47a651f7233e" />
    <UnitTestResult executionId="a9712434-1057-49d7-95a5-8fb60fec8d90" testId="cf00084d-c6b4-2532-6059-45125adf3e2e" testName="Werkflow.OpcUaSimulator.Tests.Machine3PhysicalProfileActivationTests.SIM_P32R2_EnvVar_RejectsUnsupportedProfile" computerName="GAMING" duration="00:00:00.0005377" startTime="2026-08-31T12:36:45.5252216+02:00" endTime="2026-08-31T12:36:45.5252217+02:00" testType="13cdc9d9-ddb5-4fa4-a97d-d965ccfc6d4b" outcome="Passed" testListId="8c84fa94-04c1-424b-9868-57a2d4851a1d" relativeResultsDirectory="a9712434-1057-49d7-95a5-8fb60fec8d90" />
    <UnitTestResult executionId="9c5537dc-1c02-4231-9844-2eb24d44e641" testId="f9cc9820-80a6-0ba3-25ec-37ffbcfc263a" testName="Werkflow.OpcUaSimulator.Tests.VirtualAutonomousCellTwoStageStartP20R3Tests.P20R3_Session_InitializesMachine3Profile" computerName="GAMING" duration="00:00:00.0003348" startTime="2026-08-31T12:36:46.7627741+02:00" endTime="2026-08-31T12:36:46.7627743+02:00" testType="13cdc9d9-ddb5-4fa4-a97d-d965ccfc6d4b" outcome="Passed" testListId="8c84fa94-04c1-424b-9868-57a2d4851a1d" relativeResultsDirectory="9c5537dc-1c02-4231-9844-2eb24d44e641" />
    <UnitTestResult executionId="192d34ef-a9af-426a-9a1f-09a2fa4a9994" testId="76796815-2e58-179a-b9b4-6455c8f8df1d" testName="Werkflow.OpcUaSimulator.Tests.PhysicalAp3R1ProfileTests.EffectLimits_NullMeansNoClamp" computerName="GAMING" duration="00:00:00.0002635" startTime="2026-08-31T12:36:45.5469031+02:00" endTime="2026-08-31T12:36:45.5469033+02:00" testType="13cdc9d9-ddb5-4fa4-a97d-d965ccfc6d4b" outcome="Passed" testListId="8c84fa94-04c1-424b-9868-57a2d4851a1d" relativeResultsDirectory="192d34ef-a9af-426a-9a1f-09a2fa4a9994" />
    <UnitTestResult executionId="43b43920-e6f4-48ef-a076-bceb9cf1370f" testId="e5b56f17-631b-ac96-e661-52384ce213a1" testName="Werkflow.OpcUaSimulator.Tests.PhysicalAp5R4EvidenceTests.AP5R4_ConfirmedStreak_RequiresMinimumDuration" computerName="GAMING" duration="00:00:00.0002576" startTime="2026-08-31T12:41:49.0836287+02:00" endTime="2026-08-31T12:41:49.0836288+02:00" testType="13cdc9d9-ddb5-4fa4-a97d-d965ccfc6d4b" outcome="Passed" testListId="8c84fa94-04c1-424b-9868-57a2d4851a1d" relativeResultsDirectory="43b43920-e6f4-48ef-a076-bceb9cf1370f" />
    <UnitTestResult executionId="3f74da7a-5a0f-40d5-b648-9c332dfea7b4" testId="840f0295-a073-004b-bd41-378f07383548" testName="Werkflow.OpcUaSimulator.Tests.PhysicalAp6R2Tests.AP6R2_JobName_VisibleWhenRuntimeHasJobName" computerName="GAMING" duration="00:00:02.2277189" startTime="2026-08-31T12:42:10.0865172+02:00" endTime="2026-08-31T12:42:10.0865177+02:00" testType="13cdc9d9-ddb5-4fa4-a97d-d965ccfc6d4b" outcome="Passed" testListId="8c84fa94-04c1-424b-9868-57a2d4851a1d" relativeResultsDirectory="3f74da7a-5a0f-40d5-b648-9c332dfea7b4" />
    <UnitTestResult executionId="ed699562-9c47-4cf6-be3b-12a2ae5c9f48" testId="e0bc74e9-d15a-f909-1688-07890b3b822f" testName="Werkflow.OpcUaSimulator.Tests.VirtualAutonomousCellHmiObservabilityP20R2Tests.P20R2_ContainerFill_IncrementsAndResetsOnExchange" computerName="GAMING" duration="00:00:00.2190034" startTime="2026-08-31T12:36:46.6212822+02:00" endTime="2026-08-31T12:36:46.6212824+02:00" testType="13cdc9d9-ddb5-4fa4-a97d-d965ccfc6d4b" outcome="Passed" testListId="8c84fa94-04c1-424b-9868-57a2d4851a1d" relativeResultsDirectory="ed699562-9c47-4cf6-be3b-12a2ae5c9f48" />
    <UnitTestResult executionId="58c2c2ab-9996-4848-a254-37f797462766" testId="5a54f4dc-8420-e3b7-ec7b-61adeb70fb64" testName="Werkflow.OpcUaSimulator.Tests.PhysicalAp4R3EvidenceTests.AP4R3_HydraulicLeak_FailsWithoutPumpCurrentRise" computerName="GAMING" duration="00:00:00.0065312" startTime="2026-08-31T12:40:40.2846552+02:00" endTime="2026-08-31T12:40:40.2846553+02:00" testType="13cdc9d9-ddb5-4fa4-a97d-d965ccfc6d4b" outcome="Passed" testListId="8c84fa94-04c1-424b-9868-57a2d4851a1d" relativeResultsDirectory="58c2c2ab-9996-4848-a254-37f797462766" />
    <UnitTestResult executionId="ffd96346-34a9-402d-97e5-41539d5552c5" testId="c57aa74d-a96b-fbe2-c24b-9584e204c906" testName="Werkflow.OpcUaSimulator.Tests.VirtualPressBrakeSimP01R3Tests.SIM_P01_R3_ExposedSignals_ContainNoGroundTruthEventNames" computerName="GAMING" duration="00:00:00.0008782" startTime="2026-08-31T12:36:45.4999598+02:00" endTime="2026-08-31T12:36:45.4999598+02:00" testType="13cdc9d9-ddb5-4fa4-a97d-d965ccfc6d4b" outcome="Passed" testListId="8c84fa94-04c1-424b-9868-57a2d4851a1d" relativeResultsDirectory="ffd96346-34a9-402d-97e5-41539d5552c5" />
    <UnitTestResult executionId="dd2ef586-ed1f-4c96-ba83-1aea2b6516c3" testId="88837fe0-35d5-7546-df43-b64a84341194" testName="Werkflow.OpcUaSimulator.Tests.PhysicalAp5EvidenceTests.AP5_SeedDeriver_Reproducible" computerName="GAMING" duration="00:00:00.0000883" startTime="2026-08-31T12:41:00.7906027+02:00" endTime="2026-08-31T12:41:00.7906027+02:00" testType="13cdc9d9-ddb5-4fa4-a97d-d965ccfc6d4b" outcome="Passed" testListId="8c84fa94-04c1-424b-9868-57a2d4851a1d" relativeResultsDirectory="dd2ef586-ed1f-4c96-ba83-1aea2b6516c3" />
    <UnitTestResult executionId="77159df1-994d-4ea4-a8c6-eb470af4cf4d" testId="126f05aa-4c0d-39ec-9cef-fe7aafba8aef" testName="Werkflow.OpcUaSimulator.Tests.PhysicalAp6R3Tests.AP6R3_AP6R2Regression_RemainsGreen" computerName="GAMING" duration="00:00:03.6910683" startTime="2026-08-31T12:36:49.1602111+02:00" endTime="2026-08-31T12:36:49.1602113+02:00" testType="13cdc9d9-ddb5-4fa4-a97d-d965ccfc6d4b" outcome="Passed" testListId="8c84fa94-04c1-424b-9868-57a2d4851a1d" relativeResultsDirectory="77159df1-994d-4ea4-a8c6-eb470af4cf4d" />
    <UnitTestResult executionId="da998c73-a032-4e7c-bab4-2094217bfb7b" testId="0032b126-d9ab-1e4b-2932-bf37c8d4d920" testName="Werkflow.OpcUaSimulator.Tests.PhysicalAp6R2Tests.AP6R2_CanExecute_PauseCorrectForRunningState" computerName="GAMING" duration="00:00:00.0381289" startTime="2026-08-31T12:41:54.0141111+02:00" endTime="2026-08-31T12:41:54.0141112+02:00" testType="13cdc9d9-ddb5-4fa4-a97d-d965ccfc6d4b" outcome="Passed" testListId="8c84fa94-04c1-424b-9868-57a2d4851a1d" relativeResultsDirectory="da998c73-a032-4e7c-bab4-2094217bfb7b" />
    <UnitTestResult executionId="b181ff05-3228-4167-8012-0dc15f4929a4" testId="09b33b9c-7a03-9c6e-cded-f7741f40d6d7" testName="Werkflow.OpcUaSimulator.Tests.VigilLabVirtualMachineP14Tests.P14_JobChangeDelay_UsesRun004SimulationBounds" computerName="GAMING" duration="00:00:00.0001296" startTime="2026-08-31T12:54:51.1298005+02:00" endTime="2026-08-31T12:54:51.1298006+02:00" testType="13cdc9d9-ddb5-4fa4-a97d-d965ccfc6d4b" outcome="Passed" testListId="8c84fa94-04c1-424b-9868-57a2d4851a1d" relativeResultsDirectory="b181ff05-3228-4167-8012-0dc15f4929a4" />
    <UnitTestResult executionId="c4601502-7ec7-4b25-9771-cd437ed08038" testId="d5310d4b-91ee-3e14-77f2-47b03d8af60b" testName="Werkflow.OpcUaSimulator.Tests.VigilLabVirtualMachineP09Tests.P09_VigilLabIsolation_ExistingVirtualMachineKeepsCatalogTargets" computerName="GAMING" duration="00:00:00.0248158" startTime="2026-08-31T12:54:49.5604012+02:00" endTime="2026-08-31T12:54:49.5604014+02:00" testType="13cdc9d9-ddb5-4fa4-a97d-d965ccfc6d4b" outcome="Passed" testListId="8c84fa94-04c1-424b-9868-57a2d4851a1d" relativeResultsDirectory="c4601502-7ec7-4b25-9771-cd437ed08038" />
    <UnitTestResult executionId="fa9b4314-fdee-4921-9d59-36a5a63e9896" testId="bd1b0149-946f-78de-03b0-6a27af40068b" testName="Werkflow.OpcUaSimulator.Tests.PhysicalAp6R2Tests.AP6R2_CanExecute_StopCorrectForRunningState" computerName="GAMING" duration="00:00:02.3209657" startTime="2026-08-31T12:42:03.2661357+02:00" endTime="2026-08-31T12:42:03.2661361+02:00" testType="13cdc9d9-ddb5-4fa4-a97d-d965ccfc6d4b" outcome="Passed" testListId="8c84fa94-04c1-424b-9868-57a2d4851a1d" relativeResultsDirectory="fa9b4314-fdee-4921-9d59-36a5a63e9896" />
    <UnitTestResult executionId="f4b70443-839c-43dd-bfd0-5993af95c8e5" testId="ed55fca5-cacc-69a2-11be-375fd956ade1" testName="Werkflow.OpcUaSimulator.Tests.PhysicalAp4R2FaultScenarioTests.AP4R2_EvidenceExport_WhenRequested" computerName="GAMING" duration="00:00:00.0004341" startTime="2026-08-31T12:38:36.3932534+02:00" endTime="2026-08-31T12:38:36.3932537+02:00" testType="13cdc9d9-ddb5-4fa4-a97d-d965ccfc6d4b" outcome="Passed" testListId="8c84fa94-04c1-424b-9868-57a2d4851a1d" relativeResultsDirectory="f4b70443-839c-43dd-bfd0-5993af95c8e5" />
    <UnitTestResult executionId="01ebe62f-8d97-4b3c-9020-b7cda2cccbba" testId="37ed2e59-7476-930a-98f5-0882e0e00cec" testName="Werkflow.OpcUaSimulator.Tests.PhysicalAp5R2EvidenceTests.AP5R2_LifecycleVerification_Passes" computerName="GAMING" duration="00:00:05.9032634" startTime="2026-08-31T12:41:19.0127519+02:00" endTime="2026-08-31T12:41:19.0127521+02:00" testType="13cdc9d9-ddb5-4fa4-a97d-d965ccfc6d4b" outcome="Passed" testListId="8c84fa94-04c1-424b-9868-57a2d4851a1d" relativeResultsDirectory="01ebe62f-8d97-4b3c-9020-b7cda2cccbba" />
    <UnitTestResult executionId="2fb83f23-f417-45c1-bcf2-73b8b1820efe" testId="55b35a96-f99c-e454-638a-5553e446053d" testName="Werkflow.OpcUaSimulator.Tests.Machine3PhysicalProfileActivationTests.SIM_P32R2_EnvVar_SelectsExpanded48Profile" computerName="GAMING" duration="00:00:00.0009927" startTime="2026-08-31T12:36:45.5230985+02:00" endTime="2026-08-31T12:36:45.5230986+02:00" testType="13cdc9d9-ddb5-4fa4-a97d-d965ccfc6d4b" outcome="Passed" testListId="8c84fa94-04c1-424b-9868-57a2d4851a1d" relativeResultsDirectory="2fb83f23-f417-45c1-bcf2-73b8b1820efe" />
    <UnitTestResult executionId="2a1df899-cd33-4858-8c25-1b7bd2aedb43" testId="8d807749-b1a9-c3f7-c976-9472d14c92dc" testName="Werkflow.OpcUaSimulator.Tests.PhysicalAp5EvidenceTests.AP5_Variation_DifferentIntensityAcrossRuns" computerName="GAMING" duration="00:00:00.0011490" startTime="2026-08-31T12:40:56.1165988+02:00" endTime="2026-08-31T12:40:56.1165988+02:00" testType="13cdc9d9-ddb5-4fa4-a97d-d965ccfc6d4b" outcome="Passed" testListId="8c84fa94-04c1-424b-9868-57a2d4851a1d" relativeResultsDirectory="2a1df899-cd33-4858-8c25-1b7bd2aedb43" />
    <UnitTestResult executionId="627b5513-1604-4e89-80a5-fa0fab8e7945" testId="8639784e-784e-ba2d-b49c-7cb80fc589cd" testName="Werkflow.OpcUaSimulator.Tests.TechnicalLearningMachine300R1ProfileTests.Generator_DateTime_IsUtc" computerName="GAMING" duration="00:00:00.0038113" startTime="2026-08-31T12:36:45.5168279+02:00" endTime="2026-08-31T12:36:45.5168280+02:00" testType="13cdc9d9-ddb5-4fa4-a97d-d965ccfc6d4b" outcome="Passed" testListId="8c84fa94-04c1-424b-9868-57a2d4851a1d" relativeResultsDirectory="627b5513-1604-4e89-80a5-fa0fab8e7945" />
    <UnitTestResult executionId="95a139ac-72c1-4128-8d86-c9c3bddfaa7c" testId="2561d200-804a-c2a3-3a86-2364f9edf8f1" testName="Werkflow.OpcUaSimulator.Tests.PhysicalAp3R4SegmentTests.Segment_ReceivesSamples" computerName="GAMING" duration="00:00:00.3777320" startTime="2026-08-31T12:36:45.9136675+02:00" endTime="2026-08-31T12:36:45.9136677+02:00" testType="13cdc9d9-ddb5-4fa4-a97d-d965ccfc6d4b" outcome="Passed" testListId="8c84fa94-04c1-424b-9868-57a2d4851a1d" relativeResultsDirectory="95a139ac-72c1-4128-8d86-c9c3bddfaa7c" />
    <UnitTestResult executionId="742d4700-80c9-4ede-bc38-ea4382910f07" testId="5923aafc-79a5-6f5e-9418-01fa4ae3d79a" testName="Werkflow.OpcUaSimulator.Tests.PhysicalAp5EvidenceTests.AP5_MetricsEngineVerification_Passes" computerName="GAMING" duration="00:00:00.0111314" startTime="2026-08-31T12:40:56.1279056+02:00" endTime="2026-08-31T12:40:56.1279057+02:00" testType="13cdc9d9-ddb5-4fa4-a97d-d965ccfc6d4b" outcome="Passed" testListId="8c84fa94-04c1-424b-9868-57a2d4851a1d" relativeResultsDirectory="742d4700-80c9-4ede-bc38-ea4382910f07" />
    <UnitTestResult executionId="b8f63c59-9561-4029-b66b-2dd438764428" testId="8d89426c-8a3f-603c-a01c-d1eb9c99a6ae" testName="Werkflow.OpcUaSimulator.Tests.PhysicalAp5R1EvidenceTests.AP5R1_ControlFaultedPhase_FailsValidation" computerName="GAMING" duration="00:00:00.0002759" startTime="2026-08-31T12:41:11.8459213+02:00" endTime="2026-08-31T12:41:11.8459214+02:00" testType="13cdc9d9-ddb5-4fa4-a97d-d965ccfc6d4b" outcome="Passed" testListId="8c84fa94-04c1-424b-9868-57a2d4851a1d" relativeResultsDirectory="b8f63c59-9561-4029-b66b-2dd438764428" />
    <UnitTestResult executionId="cb842dce-32b5-48ef-bb59-126720ffcaee" testId="0eb62d8c-1edd-be69-33bd-aedd13ea3a33" testName="Werkflow.OpcUaSimulator.Tests.PhysicalAp3R4SegmentTests.InvalidSegment_SetsOverallStatusFalse" computerName="GAMING" duration="00:00:00.0106530" startTime="2026-08-31T12:36:45.5362020+02:00" endTime="2026-08-31T12:36:45.5362020+02:00" testType="13cdc9d9-ddb5-4fa4-a97d-d965ccfc6d4b" outcome="Passed" testListId="8c84fa94-04c1-424b-9868-57a2d4851a1d" relativeResultsDirectory="cb842dce-32b5-48ef-bb59-126720ffcaee" />
    <UnitTestResult executionId="c58e768d-d7e5-4730-8713-248fb60201ac" testId="c134efc6-042b-c7be-5570-d0e0bf5e2b53" testName="Werkflow.OpcUaSimulator.Tests.PhysicalSimulationEngineTests.HiddenStates_AreNotVisibleSignals" computerName="GAMING" duration="00:00:00.0015600" startTime="2026-08-31T12:36:46.3270136+02:00" endTime="2026-08-31T12:36:46.3270137+02:00" testType="13cdc9d9-ddb5-4fa4-a97d-d965ccfc6d4b" outcome="Passed" testListId="8c84fa94-04c1-424b-9868-57a2d4851a1d" relativeResultsDirectory="c58e768d-d7e5-4730-8713-248fb60201ac" />
    <UnitTestResult executionId="79dd3999-7475-40f3-b566-515d55be1630" testId="239a52cd-6df6-89f4-fcf3-aa247007ab83" testName="Werkflow.OpcUaSimulator.Tests.PhysicalAp5R4EvidenceTests.AP5R4_ApproachingToSatisfied_EmitsThresholdEntered" computerName="GAMING" duration="00:00:00.0017538" startTime="2026-08-31T12:41:31.9627680+02:00" endTime="2026-08-31T12:41:31.9627681+02:00" testType="13cdc9d9-ddb5-4fa4-a97d-d965ccfc6d4b" outcome="Passed" testListId="8c84fa94-04c1-424b-9868-57a2d4851a1d" relativeResultsDirectory="79dd3999-7475-40f3-b566-515d55be1630" />
    <UnitTestResult executionId="c373b5ca-6e7f-497f-a11a-69ca54066b42" testId="da2f8333-cb77-1245-3469-446b2a08d322" testName="Werkflow.OpcUaSimulator.Tests.VirtualPressBrakeSimP02Tests.SIM_P02_PhaseRemaining_IsMonotonicDuringSetup" computerName="GAMING" duration="00:00:00.0044223" startTime="2026-08-31T12:36:45.5361438+02:00" endTime="2026-08-31T12:36:45.5361439+02:00" testType="13cdc9d9-ddb5-4fa4-a97d-d965ccfc6d4b" outcome="Passed" testListId="8c84fa94-04c1-424b-9868-57a2d4851a1d" relativeResultsDirectory="c373b5ca-6e7f-497f-a11a-69ca54066b42" />
    <UnitTestResult executionId="cdb5a651-fc86-4b08-8740-712acca8ce55" testId="75eaf1d5-1f18-224a-06c4-17d406a6d3ca" testName="Werkflow.OpcUaSimulator.Tests.Machine3PhysicalProfileActivationTests.SIM_P32R2_Expanded48_RegistersExactly48EnabledSignals" computerName="GAMING" duration="00:00:00.0002107" startTime="2026-08-31T12:36:45.5242865+02:00" endTime="2026-08-31T12:36:45.5242865+02:00" testType="13cdc9d9-ddb5-4fa4-a97d-d965ccfc6d4b" outcome="Passed" testListId="8c84fa94-04c1-424b-9868-57a2d4851a1d" relativeResultsDirectory="cdb5a651-fc86-4b08-8740-712acca8ce55" />
    <UnitTestResult executionId="36b32a54-95e6-4328-aa83-a82687ae193a" testId="35b9ed9b-4693-86ef-b3e2-5e615af6046c" testName="Werkflow.OpcUaSimulator.Tests.PhysicalSimulationEngineTests.SameProfileAndSeed_ProducesIdenticalSequence" computerName="GAMING" duration="00:00:00.1488123" startTime="2026-08-31T12:36:46.7048006+02:00" endTime="2026-08-31T12:36:46.7048008+02:00" testType="13cdc9d9-ddb5-4fa4-a97d-d965ccfc6d4b" outcome="Passed" testListId="8c84fa94-04c1-424b-9868-57a2d4851a1d" relativeResultsDirectory="36b32a54-95e6-4328-aa83-a82687ae193a" />
    <UnitTestResult executionId="25b1568b-a442-4c99-9741-9da54a7716b3" testId="b6807524-6ace-42b6-a443-d19d8f021cc5" testName="Werkflow.OpcUaSimulator.Tests.PhysicalAp3R4CorrelationEvaluatorTests.ExactMinimum_IsAllowed" computerName="GAMING" duration="00:00:00.0000626" startTime="2026-08-31T12:36:45.4994603+02:00" endTime="2026-08-31T12:36:45.4994604+02:00" testType="13cdc9d9-ddb5-4fa4-a97d-d965ccfc6d4b" outcome="Passed" testListId="8c84fa94-04c1-424b-9868-57a2d4851a1d" relativeResultsDirectory="25b1568b-a442-4c99-9741-9da54a7716b3" />
    <UnitTestResult executionId="93e77b0c-4b89-49f4-a7bd-3858dfb564e3" testId="2d234c33-4c52-0f0c-fd86-9fdadda7726e" testName="Werkflow.OpcUaSimulator.Tests.VigilLabVirtualMachineP14Tests.P14_OtherMachines_KeepCatalogTargetQuantities" computerName="GAMING" duration="00:00:00.0007142" startTime="2026-08-31T12:54:51.1294250+02:00" endTime="2026-08-31T12:54:51.1294252+02:00" testType="13cdc9d9-ddb5-4fa4-a97d-d965ccfc6d4b" outcome="Passed" testListId="8c84fa94-04c1-424b-9868-57a2d4851a1d" relativeResultsDirectory="93e77b0c-4b89-49f4-a7bd-3858dfb564e3" />
    <UnitTestResult executionId="068d9ccd-d071-4491-8411-3ea816524050" testId="8edb67fd-2949-6567-98b3-5aeb5474bc33" testName="Werkflow.OpcUaSimulator.Tests.PhysicalAp6R2Tests.AP6R2_ActualCounter_UpdatesFromRuntime" computerName="GAMING" duration="00:00:02.2701945" startTime="2026-08-31T12:41:56.2858140+02:00" endTime="2026-08-31T12:41:56.2858142+02:00" testType="13cdc9d9-ddb5-4fa4-a97d-d965ccfc6d4b" outcome="Passed" testListId="8c84fa94-04c1-424b-9868-57a2d4851a1d" relativeResultsDirectory="068d9ccd-d071-4491-8411-3ea816524050" />
    <UnitTestResult executionId="44984f06-96cf-4e90-9d40-18d85eb1398c" testId="f5f61610-c22b-5a04-fc26-9a8015a3fe0d" testName="Werkflow.OpcUaSimulator.Tests.PhysicalAp6R2Tests.AP6R2_MotorTemperature_LiveValueBound" computerName="GAMING" duration="00:00:02.2134295" startTime="2026-08-31T12:42:19.3828387+02:00" endTime="2026-08-31T12:42:19.3828392+02:00" testType="13cdc9d9-ddb5-4fa4-a97d-d965ccfc6d4b" outcome="Passed" testListId="8c84fa94-04c1-424b-9868-57a2d4851a1d" relativeResultsDirectory="44984f06-96cf-4e90-9d40-18d85eb1398c" />
    <UnitTestResult executionId="1acd70d3-407d-4092-b469-9e90f2106ea4" testId="90c82bd0-4bf3-f08f-1a19-f6ab42f3f666" testName="Werkflow.OpcUaSimulator.Tests.PhysicalAp4R1FaultScenarioTests.AP4R1_EvidenceExport_WhenRequested" computerName="GAMING" duration="00:00:00.0006690" startTime="2026-08-31T12:38:34.3297886+02:00" endTime="2026-08-31T12:38:34.3297887+02:00" testType="13cdc9d9-ddb5-4fa4-a97d-d965ccfc6d4b" outcome="Passed" testListId="8c84fa94-04c1-424b-9868-57a2d4851a1d" relativeResultsDirectory="1acd70d3-407d-4092-b469-9e90f2106ea4" />
    <UnitTestResult executionId="16692fc1-5ef2-4ab6-af97-e7d0154f35fe" testId="ec55f7d3-01d0-6111-eb63-cf5051983640" testName="Werkflow.OpcUaSimulator.Tests.PhysicalAp6R3Tests.AP6R3_HmiWindow_UsesCentralTheme" computerName="GAMING" duration="00:00:00.0004240" startTime="2026-08-31T12:36:49.1611838+02:00" endTime="2026-08-31T12:36:49.1611839+02:00" testType="13cdc9d9-ddb5-4fa4-a97d-d965ccfc6d4b" outcome="Passed" testListId="8c84fa94-04c1-424b-9868-57a2d4851a1d" relativeResultsDirectory="16692fc1-5ef2-4ab6-af97-e7d0154f35fe" />
    <UnitTestResult executionId="07c7fe68-1251-4f44-b5ab-35b0bb8c6221" testId="8da62be0-4054-46a6-589d-44ab18cda1bc" testName="Werkflow.OpcUaSimulator.Tests.PhysicalAp3R3ModelTests.ProcessingHydraulicPressure_WithinExpectedBand" computerName="GAMING" duration="00:00:00.3565044" startTime="2026-08-31T12:36:51.9280464+02:00" endTime="2026-08-31T12:36:51.9280465+02:00" testType="13cdc9d9-ddb5-4fa4-a97d-d965ccfc6d4b" outcome="Passed" testListId="8c84fa94-04c1-424b-9868-57a2d4851a1d" relativeResultsDirectory="07c7fe68-1251-4f44-b5ab-35b0bb8c6221" />
    <UnitTestResult executionId="2364cac4-d62c-4770-a180-be6f12baedb3" testId="14cfc370-bcf5-4928-a55c-cb067ad702e2" testName="Werkflow.OpcUaSimulator.Tests.VirtualPressBrakeSimP01R3LiveTests.SIM_P01_R3_LiveOpcUaSmoke_SemanticTruthfulness" computerName="GAMING" duration="00:00:37.7155577" startTime="2026-08-31T12:56:06.9866184+02:00" endTime="2026-08-31T12:56:06.9866189+02:00" testType="13cdc9d9-ddb5-4fa4-a97d-d965ccfc6d4b" outcome="Passed" testListId="8c84fa94-04c1-424b-9868-57a2d4851a1d" relativeResultsDirectory="2364cac4-d62c-4770-a180-be6f12baedb3" />
    <UnitTestResult executionId="b3f0b89b-5379-4ba8-9c2c-181da7abd34d" testId="a50919bb-2676-920c-8d3b-e5a83660338a" testName="Werkflow.OpcUaSimulator.Tests.PhysicalMachineProfileTests.InvalidUpdateInterval_IsDetected" computerName="GAMING" duration="00:00:00.0237841" startTime="2026-08-31T12:36:45.6420467+02:00" endTime="2026-08-31T12:36:45.6420470+02:00" testType="13cdc9d9-ddb5-4fa4-a97d-d965ccfc6d4b" outcome="Passed" testListId="8c84fa94-04c1-424b-9868-57a2d4851a1d" relativeResultsDirectory="b3f0b89b-5379-4ba8-9c2c-181da7abd34d" />
    <UnitTestResult executionId="02273e36-749d-47b8-aa5f-da1a0607c029" testId="e9f48fa4-bdc8-c960-c2b3-f4189710cfeb" testName="Werkflow.OpcUaSimulator.Tests.VigilLabVirtualMachineP09Tests.P09_HmiAndOpcState_AreConsistentAfterJobTransition" computerName="GAMING" duration="00:00:00.4163088" startTime="2026-08-31T12:54:50.7380514+02:00" endTime="2026-08-31T12:54:50.7380515+02:00" testType="13cdc9d9-ddb5-4fa4-a97d-d965ccfc6d4b" outcome="Passed" testListId="8c84fa94-04c1-424b-9868-57a2d4851a1d" relativeResultsDirectory="02273e36-749d-47b8-aa5f-da1a0607c029" />
    <UnitTestResult executionId="db6a490d-d09a-43f4-a568-6807c72b6585" testId="d407dda6-e0e8-2c21-1d5d-5d31339495d6" testName="Werkflow.OpcUaSimulator.Tests.PhysicalAp6EvidenceTests.AP6_Evidence_ExportVerificationJson" computerName="GAMING" duration="00:00:04.4226302" startTime="2026-08-31T12:41:53.9755958+02:00" endTime="2026-08-31T12:41:53.9755959+02:00" testType="13cdc9d9-ddb5-4fa4-a97d-d965ccfc6d4b" outcome="Passed" testListId="8c84fa94-04c1-424b-9868-57a2d4851a1d" relativeResultsDirectory="db6a490d-d09a-43f4-a568-6807c72b6585" />
    <UnitTestResult executionId="97692a93-c2d8-4315-aa0b-7f371623434e" testId="31687770-760a-b4b7-d226-ca1eb2172869" testName="Werkflow.OpcUaSimulator.Tests.PhysicalAp6VirtualMachineTests.AP6_HmiSignalCoverage_AllLaserSignalsMapped" computerName="GAMING" duration="00:00:00.0014527" startTime="2026-08-31T12:42:33.2747946+02:00" endTime="2026-08-31T12:42:33.2747948+02:00" testType="13cdc9d9-ddb5-4fa4-a97d-d965ccfc6d4b" outcome="Passed" testListId="8c84fa94-04c1-424b-9868-57a2d4851a1d" relativeResultsDirectory="97692a93-c2d8-4315-aa0b-7f371623434e" />
    <UnitTestResult executionId="06207fee-03e3-4c2a-9ce9-6dbe4409f810" testId="b9a6ddb6-c63e-e77f-44bd-09d952d235d5" testName="Werkflow.OpcUaSimulator.Tests.VirtualAutonomousCellTwoStageStartP20R3Tests.P20R3_PauseResume_PreservesMidRunState" computerName="GAMING" duration="00:00:00.0688623" startTime="2026-08-31T12:36:46.6516436+02:00" endTime="2026-08-31T12:36:46.6516437+02:00" testType="13cdc9d9-ddb5-4fa4-a97d-d965ccfc6d4b" outcome="Passed" testListId="8c84fa94-04c1-424b-9868-57a2d4851a1d" relativeResultsDirectory="06207fee-03e3-4c2a-9ce9-6dbe4409f810" />
    <UnitTestResult executionId="cfa22b9e-9d16-494c-b1da-421304117bca" testId="b4aa6639-90c1-57b9-33c2-03217bde3809" testName="Werkflow.OpcUaSimulator.Tests.PhysicalAp6R3Tests.AP6R3_App_UsesExplicitShutdownOnly" computerName="GAMING" duration="00:00:00.0007261" startTime="2026-08-31T12:36:54.0959796+02:00" endTime="2026-08-31T12:36:54.0959797+02:00" testType="13cdc9d9-ddb5-4fa4-a97d-d965ccfc6d4b" outcome="Passed" testListId="8c84fa94-04c1-424b-9868-57a2d4851a1d" relativeResultsDirectory="cfa22b9e-9d16-494c-b1da-421304117bca" />
    <UnitTestResult executionId="8f2e02f9-f037-43cb-9c20-24eb37e72338" testId="ae2b07d9-adf4-8d83-b109-8a6223298c0d" testName="Werkflow.OpcUaSimulator.Tests.PhysicalAp4R6EvidenceTests.AP4R6_ClosureVerification_Passes" computerName="GAMING" duration="00:00:01.3724095" startTime="2026-08-31T12:40:55.0666635+02:00" endTime="2026-08-31T12:40:55.0666635+02:00" testType="13cdc9d9-ddb5-4fa4-a97d-d965ccfc6d4b" outcome="Passed" testListId="8c84fa94-04c1-424b-9868-57a2d4851a1d" relativeResultsDirectory="8f2e02f9-f037-43cb-9c20-24eb37e72338" />
    <UnitTestResult executionId="318ef3a5-808f-4eba-aed7-be62af4dcf06" testId="0f1666ab-a54f-0d4e-6b90-eacfd9a8f0b9" testName="Werkflow.OpcUaSimulator.Tests.PhysicalAp4R3EvidenceTests.AP4R3_CompletenessVerification_Passes" computerName="GAMING" duration="00:00:02.1388720" startTime="2026-08-31T12:40:42.4299701+02:00" endTime="2026-08-31T12:40:42.4299702+02:00" testType="13cdc9d9-ddb5-4fa4-a97d-d965ccfc6d4b" outcome="Passed" testListId="8c84fa94-04c1-424b-9868-57a2d4851a1d" relativeResultsDirectory="318ef3a5-808f-4eba-aed7-be62af4dcf06" />
    <UnitTestResult executionId="4cde6e83-6234-4e50-ad8c-e13aa5f52360" testId="9ecfd792-10eb-9263-8da9-63bd08270bfe" testName="Werkflow.OpcUaSimulator.Tests.PhysicalAp6VirtualMachineTests.AP6_HmiDisplayName_NoNodeIdPath" computerName="GAMING" duration="00:00:00.0001240" startTime="2026-08-31T12:42:28.7621630+02:00" endTime="2026-08-31T12:42:28.7621630+02:00" testType="13cdc9d9-ddb5-4fa4-a97d-d965ccfc6d4b" outcome="Passed" testListId="8c84fa94-04c1-424b-9868-57a2d4851a1d" relativeResultsDirectory="4cde6e83-6234-4e50-ad8c-e13aa5f52360" />
    <UnitTestResult executionId="e9bd9ce3-0d8a-451a-899d-11457f1f428d" testId="3428105d-5bad-6263-01b4-10d911e648f8" testName="Werkflow.OpcUaSimulator.Tests.VigilLabVirtualMachineP03R2Tests.P03R2_EmptyStore_CreatesValidCertificate" computerName="GAMING" duration="00:00:00.1453168" startTime="2026-08-31T12:54:31.2576377+02:00" endTime="2026-08-31T12:54:31.2576379+02:00" testType="13cdc9d9-ddb5-4fa4-a97d-d965ccfc6d4b" outcome="Passed" testListId="8c84fa94-04c1-424b-9868-57a2d4851a1d" relativeResultsDirectory="e9bd9ce3-0d8a-451a-899d-11457f1f428d" />
    <UnitTestResult executionId="d379fc65-91df-43a9-b03d-a68d4900a37a" testId="e2578dd3-0270-6972-a768-812c65f9d1cb" testName="Werkflow.OpcUaSimulator.Tests.PhysicalAp5R4EvidenceTests.AP5R4_NoDuplicateThresholdEntered" computerName="GAMING" duration="00:00:00.0001619" startTime="2026-08-31T12:41:49.5525213+02:00" endTime="2026-08-31T12:41:49.5525214+02:00" testType="13cdc9d9-ddb5-4fa4-a97d-d965ccfc6d4b" outcome="Passed" testListId="8c84fa94-04c1-424b-9868-57a2d4851a1d" relativeResultsDirectory="d379fc65-91df-43a9-b03d-a68d4900a37a" />
    <UnitTestResult executionId="eda64386-a38f-4aa9-b349-5829c92ee0e1" testId="3754c607-7cf8-b878-1062-d1613afb366e" testName="Werkflow.OpcUaSimulator.Tests.PhysicalAp3R3ModelTests.ModelVerification_HasAtLeast30StatisticsSignalsPerProfileInHarness" computerName="GAMING" duration="00:00:00.0048654" startTime="2026-08-31T12:36:45.4801774+02:00" endTime="2026-08-31T12:36:45.4801777+02:00" testType="13cdc9d9-ddb5-4fa4-a97d-d965ccfc6d4b" outcome="Passed" testListId="8c84fa94-04c1-424b-9868-57a2d4851a1d" relativeResultsDirectory="eda64386-a38f-4aa9-b349-5829c92ee0e1" />
[...]
    <TestEntry testId="76d317c8-8279-888c-2029-a3d6db3ca364" executionId="04d9dae3-90a4-4df9-8175-84cd14be0cbc" testListId="8c84fa94-04c1-424b-9868-57a2d4851a1d" />
    <TestEntry testId="d75dc209-0c18-c44a-46f2-7a36f670a104" executionId="1f5125d7-1b53-4417-84ac-9ffd8c05074c" testListId="8c84fa94-04c1-424b-9868-57a2d4851a1d" />
    <TestEntry testId="4d84fe9f-ec19-5a17-3286-2ada293ee318" executionId="d40ab61b-8d3a-4ec7-800d-5a24ba71a9cf" testListId="8c84fa94-04c1-424b-9868-57a2d4851a1d" />
    <TestEntry testId="2afc37fa-160e-d4d5-d37f-dd22e52d5c57" executionId="83148f03-a496-4c58-81b6-5b3af22e7207" testListId="8c84fa94-04c1-424b-9868-57a2d4851a1d" />
    <TestEntry testId="9db9191b-785e-e214-298b-d380a378d31b" executionId="03ec87df-c00d-406f-bad7-adf6f7d8d4ad" testListId="8c84fa94-04c1-424b-9868-57a2d4851a1d" />
    <TestEntry testId="ccdbdf32-4199-215e-1962-74a7cbab0972" executionId="afc59a6b-9a9b-45ab-a23a-d98187d9b07f" testListId="8c84fa94-04c1-424b-9868-57a2d4851a1d" />
    <TestEntry testId="fe60d015-66bb-839e-9541-18fd020bfbc4" executionId="32b90a83-b838-457c-9441-55da932b2006" testListId="8c84fa94-04c1-424b-9868-57a2d4851a1d" />
    <TestEntry testId="2d81c4ba-ca0c-3ac5-5f0f-e68931d6f903" executionId="61c8ace5-685a-44e0-94f7-771912aaea74" testListId="8c84fa94-04c1-424b-9868-57a2d4851a1d" />
    <TestEntry testId="2cf18745-a8fe-5f31-fb59-f25cdee90805" executionId="ea760579-e1b6-4902-a8b6-29e2f7d9ffd1" testListId="8c84fa94-04c1-424b-9868-57a2d4851a1d" />
    <TestEntry testId="bd77e32b-4213-353f-c471-b22fbedd5ca0" executionId="33959b2f-b1d3-4d6c-9408-77ada4154bcb" testListId="8c84fa94-04c1-424b-9868-57a2d4851a1d" />
    <TestEntry testId="13a10ced-93a5-4077-20f3-7b326d426223" executionId="d644934f-59d5-4a6d-a9ff-4bfc582e5a07" testListId="8c84fa94-04c1-424b-9868-57a2d4851a1d" />
    <TestEntry testId="620f87eb-d77d-a88d-5628-341136aaa844" executionId="25e4912f-1c7d-4479-b85e-46a5b37554f3" testListId="8c84fa94-04c1-424b-9868-57a2d4851a1d" />
    <TestEntry testId="d932048e-0b53-0b7b-9271-fefd6ba8dd0a" executionId="fb8b7289-518a-41e4-87fc-3d6c8e7335f6" testListId="8c84fa94-04c1-424b-9868-57a2d4851a1d" />
    <TestEntry testId="158b4a6f-8229-205a-b0b6-4c1aec5c6234" executionId="8ed2a8b6-89ee-465a-8239-16b241f44964" testListId="8c84fa94-04c1-424b-9868-57a2d4851a1d" />
    <TestEntry testId="c30e90fc-423a-050f-a79e-aa0d46c86aac" executionId="2dc53460-b84d-4165-ac6b-1b8d7a9257f1" testListId="8c84fa94-04c1-424b-9868-57a2d4851a1d" />
    <TestEntry testId="c742df45-e4e7-9b34-25ef-849abdf7cf63" executionId="47f18774-14a2-4d7d-a4c0-de02b86b97ac" testListId="8c84fa94-04c1-424b-9868-57a2d4851a1d" />
    <TestEntry testId="5c5947a3-db79-67f9-8c2d-f3d93379251e" executionId="863cc8a6-9ffd-4286-9389-487972d71c6e" testListId="8c84fa94-04c1-424b-9868-57a2d4851a1d" />
    <TestEntry testId="626e80f1-9a5b-deaa-fac7-82da3f805fa6" executionId="48a56631-4ab0-4127-8f7e-45e82d1372b9" testListId="8c84fa94-04c1-424b-9868-57a2d4851a1d" />
    <TestEntry testId="ce0dba64-7de3-f6a1-c3ee-ae6b7cfa88d9" executionId="4ae45467-7c02-4c15-8361-54c5328bd463" testListId="8c84fa94-04c1-424b-9868-57a2d4851a1d" />
    <TestEntry testId="abf60ee6-b2a7-e452-cc89-8b658ea6cb7e" executionId="5ad7c680-716b-40c1-bed2-aa1a8006132e" testListId="8c84fa94-04c1-424b-9868-57a2d4851a1d" />
    <TestEntry testId="f390e3e0-b7a3-27f8-7c5d-a12c5c57217c" executionId="dbd68532-c09f-4be3-a4e2-7ccc4280e5b8" testListId="8c84fa94-04c1-424b-9868-57a2d4851a1d" />
    <TestEntry testId="9ca59115-ea70-0745-ce7c-521926e2a2ed" executionId="c7c5fc73-a228-48e1-8aa9-d1a7bcedc647" testListId="8c84fa94-04c1-424b-9868-57a2d4851a1d" />
    <TestEntry testId="db459fb8-972d-2037-6d16-22d599dcb10f" executionId="7a6850c4-08bd-4545-9e71-afbba39485e7" testListId="8c84fa94-04c1-424b-9868-57a2d4851a1d" />
    <TestEntry testId="f13ef7b0-9828-4596-645d-6f9e5cf5bb54" executionId="b84c7de8-8e6c-4f0d-b0e4-eb8d6710814d" testListId="8c84fa94-04c1-424b-9868-57a2d4851a1d" />
    <TestEntry testId="983c454f-38e4-e158-0bce-ab9e05fc4259" executionId="d4fcd031-8db2-42d0-b55c-ca419016a4c1" testListId="8c84fa94-04c1-424b-9868-57a2d4851a1d" />
    <TestEntry testId="a9a658e3-7703-6c2d-3c6d-889ed308da48" executionId="65048be3-8898-471d-98dd-b5677968d897" testListId="8c84fa94-04c1-424b-9868-57a2d4851a1d" />
    <TestEntry testId="3c9f72a8-e549-5576-ec00-7625c5b55ca9" executionId="5b089672-b5f0-4149-a318-4db543e7f396" testListId="8c84fa94-04c1-424b-9868-57a2d4851a1d" />
    <TestEntry testId="d2ca65aa-f127-6206-6f0f-2ae09f19aeb5" executionId="5af8d24e-cbef-4b1a-9eec-40e286a1f7ea" testListId="8c84fa94-04c1-424b-9868-57a2d4851a1d" />
    <TestEntry testId="b3ec4f48-fd0f-e620-c44c-049943b910cd" executionId="140c769f-4e09-4db1-85a9-4e7868585b86" testListId="8c84fa94-04c1-424b-9868-57a2d4851a1d" />
    <TestEntry testId="7808a1fd-35f2-99a0-f22e-3d9905b91e34" executionId="a8919db2-16ab-4d02-8616-a1b680783876" testListId="8c84fa94-04c1-424b-9868-57a2d4851a1d" />
    <TestEntry testId="6997f43c-e0e7-c764-2509-6636fd929d24" executionId="cb7ec44e-6068-44f8-9070-725c0496de50" testListId="8c84fa94-04c1-424b-9868-57a2d4851a1d" />
    <TestEntry testId="5ad04f79-0263-9879-e92f-d3529b3d28e7" executionId="d03835ff-1e94-4fba-85a8-77d692eef0cf" testListId="8c84fa94-04c1-424b-9868-57a2d4851a1d" />
    <TestEntry testId="b58308a6-f648-ce3f-7a01-ef515a8260ac" executionId="d071b566-9b2f-48b6-9105-3064aa29016d" testListId="8c84fa94-04c1-424b-9868-57a2d4851a1d" />
    <TestEntry testId="11cac4a7-d296-bf9c-cc7a-f1f2083a66ac" executionId="9702767c-5bdc-4766-a644-d2b32c1de27d" testListId="8c84fa94-04c1-424b-9868-57a2d4851a1d" />
    <TestEntry testId="8975f9b5-ed09-5453-e76a-725152252b9a" executionId="679052ba-1de3-43f2-b86a-f7fdeedf9550" testListId="8c84fa94-04c1-424b-9868-57a2d4851a1d" />
    <TestEntry testId="3ebdac1e-d7cf-bf6c-e759-9116451cd924" executionId="098bc02a-c983-4a39-9e1c-e8e5301a687d" testListId="8c84fa94-04c1-424b-9868-57a2d4851a1d" />
    <TestEntry testId="c77eb97e-feba-b157-1088-19ff727a8408" executionId="36fe7071-76b8-4244-a64b-17187bf54109" testListId="8c84fa94-04c1-424b-9868-57a2d4851a1d" />
    <TestEntry testId="5f482c88-d633-880f-7a63-7921afb9b990" executionId="28a3aef1-90bd-494c-b57c-a3db21f7e692" testListId="8c84fa94-04c1-424b-9868-57a2d4851a1d" />
    <TestEntry testId="a94c3bb3-0558-8fa1-2837-6b2ca60074d1" executionId="522d2579-cbc5-4961-b55b-80e2b7928190" testListId="8c84fa94-04c1-424b-9868-57a2d4851a1d" />
    <TestEntry testId="d0280538-7950-88d0-d499-86def8adfe8c" executionId="d42b1fdc-a587-4902-aaf5-6d37dcfde20d" testListId="8c84fa94-04c1-424b-9868-57a2d4851a1d" />
    <TestEntry testId="0c3bc43b-a915-45c8-1529-1956cc76ea53" executionId="13275bdd-bebc-45d4-a6b4-988ccd772214" testListId="8c84fa94-04c1-424b-9868-57a2d4851a1d" />
    <TestEntry testId="ff6784a0-2c61-cb95-785d-9ba967256001" executionId="e2189053-87f7-4713-8144-1379f3f2a961" testListId="8c84fa94-04c1-424b-9868-57a2d4851a1d" />
    <TestEntry testId="e82e72ec-4703-244e-3428-8db7be1b2d34" executionId="2df7ff8d-81ab-4413-826d-ff2237631171" testListId="8c84fa94-04c1-424b-9868-57a2d4851a1d" />
    <TestEntry testId="14a7020c-8fe7-1b9f-eed3-aef433d1f585" executionId="ed83477f-5acc-4b0f-aa1b-9f790eedaa1d" testListId="8c84fa94-04c1-424b-9868-57a2d4851a1d" />
    <TestEntry testId="fb7f0cd6-8708-a747-28f3-e83dc36b6554" executionId="ebc01ed2-2a0f-4266-a370-d5ed591c1111" testListId="8c84fa94-04c1-424b-9868-57a2d4851a1d" />
    <TestEntry testId="1346c4dc-c05e-3e7e-b01b-0de8d24c126a" executionId="a8a8480d-7cff-468f-930f-be09961e9c2f" testListId="8c84fa94-04c1-424b-9868-57a2d4851a1d" />
    <TestEntry testId="62934d5b-4fc1-4573-be4d-b87d6daa16b7" executionId="21622823-cfb9-4eae-9c75-303e1576034c" testListId="8c84fa94-04c1-424b-9868-57a2d4851a1d" />
    <TestEntry testId="23906bb3-5ddc-479a-dc54-622dc15201c1" executionId="b395cdd5-6f2f-42fd-a44e-7407d8d99964" testListId="8c84fa94-04c1-424b-9868-57a2d4851a1d" />
    <TestEntry testId="87e37f43-b3fe-2239-9315-5816443c0621" executionId="cd538ecf-4368-4451-a837-d32a22219e82" testListId="8c84fa94-04c1-424b-9868-57a2d4851a1d" />
    <TestEntry testId="e1372a74-e894-d09e-1e23-fee6d5745d93" executionId="a1daf421-9309-4ad4-97ac-2f4c56f70c36" testListId="8c84fa94-04c1-424b-9868-57a2d4851a1d" />
    <TestEntry testId="108886b4-f9b5-0b14-5416-66f41770e030" executionId="6576ba90-56f0-4391-a24e-5012431daf6e" testListId="8c84fa94-04c1-424b-9868-57a2d4851a1d" />
    <TestEntry testId="e3a04be4-0de0-94a3-3bd9-806dce9e6b11" executionId="038fcb3b-2275-4000-b27f-de1d8de4367c" testListId="8c84fa94-04c1-424b-9868-57a2d4851a1d" />
    <TestEntry testId="692619e7-54da-df18-cc28-3558d7a1e0a7" executionId="75d1ea12-d42d-4ef4-9b1a-c38394b3ccfa" testListId="8c84fa94-04c1-424b-9868-57a2d4851a1d" />
    <TestEntry testId="49b0e23e-ccfc-aae6-034b-4950c71eb7b0" executionId="73886c1f-d30c-4667-88fa-4bfd92ee697e" testListId="8c84fa94-04c1-424b-9868-57a2d4851a1d" />
    <TestEntry testId="167c1a9e-afb3-e856-55a7-b07c6e4accf8" executionId="2ae73ddc-a2e7-4f20-a562-fbb13c99d746" testListId="8c84fa94-04c1-424b-9868-57a2d4851a1d" />
    <TestEntry testId="9542fcc9-9604-182d-4c33-c0c3a2296abb" executionId="8b9229b9-1c80-46c1-9a95-b48a86765a06" testListId="8c84fa94-04c1-424b-9868-57a2d4851a1d" />
  </TestEntries>
  <TestLists>
    <TestList name="Ergebnisse nicht in einer Liste" id="8c84fa94-04c1-424b-9868-57a2d4851a1d" />
    <TestList name="Alle geladenen Ergebnisse" id="19431567-8539-422a-85d7-44ee4e166bda" />
  </TestLists>
  <ResultSummary outcome="Failed">
    <Counters total="419" executed="419" passed="408" failed="11" error="0" timeout="0" aborted="0" inconclusive="0" passedButRunAborted="0" notRunnable="0" notExecuted="0" disconnected="0" warning="0" completed="0" inProgress="0" pending="0" />
    <Output>
      <StdOut>[xUnit.net 00:00:00.00] xUnit.net VSTest Adapter v2.8.2+699d445a1a (64-bit .NET 8.0.28)&#xD;
[xUnit.net 00:00:00.42]   Discovering: Werkflow.OpcUaSimulator.Tests&#xD;
[xUnit.net 00:00:00.49]   Discovered:  Werkflow.OpcUaSimulator.Tests&#xD;
[xUnit.net 00:00:00.49]   Starting:    Werkflow.OpcUaSimulator.Tests&#xD;
[xUnit.net 00:00:00.56]       System.IndexOutOfRangeException : Index was outside the bounds of the array.&#xD;
[xUnit.net 00:00:00.56]       Stack Trace:&#xD;
[xUnit.net 00:00:00.56]         C:\WerkFlow\Coding\Simulation-RUN018\Werkflow.OpcUaSimulator.Tests\PhysicalAp6R1StartupTests.cs(73,0): at Werkflow.OpcUaSimulator.Tests.PhysicalAp6R1StartupTests.AP6R1_App_CompleteStartup_InitializesTrayService()&#xD;
[xUnit.net 00:00:00.56]            at System.RuntimeMethodHandle.InvokeMethod(Object target, Void** arguments, Signature sig, Boolean isConstructor)&#xD;
[xUnit.net 00:00:00.56]            at System.Reflection.MethodBaseInvoker.InvokeWithNoArgs(Object obj, BindingFlags invokeAttr)&#xD;
[xUnit.net 00:00:00.57]       Assert.Contains() Failure: Sub-string not found&#xD;
[xUnit.net 00:00:00.57]       String:    "(StartupEventArgs e)\r\n\t{\r\n\t\tbase.OnStartu"···&#xD;
[xUnit.net 00:00:00.57]       Not found: "mainWindow.Show()"&#xD;
[xUnit.net 00:00:00.57]       Stack Trace:&#xD;
[xUnit.net 00:00:00.57]         C:\WerkFlow\Coding\Simulation-RUN018\Werkflow.OpcUaSimulator.Tests\PhysicalAp6R1StartupTests.cs(53,0): at Werkflow.OpcUaSimulator.Tests.PhysicalAp6R1StartupTests.AP6R1_App_OnStartup_ShowsMainWindowExplicitly()&#xD;
[xUnit.net 00:00:00.57]            at System.RuntimeMethodHandle.InvokeMethod(Object target, Void** arguments, Signature sig, Boolean isConstructor)&#xD;
[xUnit.net 00:00:00.57]            at System.Reflection.MethodBaseInvoker.InvokeWithNoArgs(Object obj, BindingFlags invokeAttr)&#xD;
[xUnit.net 00:00:02.87]       Assert.True() Failure&#xD;
[xUnit.net 00:00:02.87]       Expected: True&#xD;
[xUnit.net 00:00:02.87]       Actual:   False&#xD;
[xUnit.net 00:00:02.87]       Stack Trace:&#xD;
[xUnit.net 00:00:02.87]         C:\WerkFlow\Coding\Simulation-RUN018\Werkflow.OpcUaSimulator.Tests\LaserKinematicsPlausibilityTests.cs(60,0): at Werkflow.OpcUaSimulator.Tests.LaserKinematicsPlausibilityTests.VirtualMachine_Kinematics_UseWorkspaceAndPhaseFeed()&#xD;
[xUnit.net 00:00:02.87]            at System.RuntimeMethodHandle.InvokeMethod(Object target, Void** arguments, Signature sig, Boolean isConstructor)&#xD;
[xUnit.net 00:00:02.87]            at System.Reflection.MethodBaseInvoker.InvokeWithNoArgs(Object obj, BindingFlags invokeAttr)&#xD;
[xUnit.net 00:00:09.15]       ap6r3-verification-incomplete&#xD;
[xUnit.net 00:00:09.15]       Stack Trace:&#xD;
[xUnit.net 00:00:09.15]         C:\WerkFlow\Coding\Simulation-RUN018\Werkflow.OpcUaSimulator.Tests\PhysicalAp6R3Tests.cs(79,0): at Werkflow.OpcUaSimulator.Tests.PhysicalAp6R3Tests.AP6R3_Evidence_ExportVerificationJson()&#xD;
[xUnit.net 00:00:09.15]         --- End of stack trace from previous location ---&#xD;
[xUnit.net 00:03:53.01]       threshold-timeline; fault-nodes; production-stop; physical-server-online; recovery; lifecycle&#xD;
[xUnit.net 00:03:53.01]       Stack Trace:&#xD;
[xUnit.net 00:03:53.01]         C:\WerkFlow\Coding\Simulation-RUN018\Werkflow.OpcUaSimulator.Tests\PhysicalAp4R2FaultScenarioTests.cs(73,0): at Werkflow.OpcUaSimulator.Tests.PhysicalAp4R2FaultScenarioTests.AP4R2_FinalEndToEnd_ShortRun()&#xD;
[xUnit.net 00:03:53.01]         --- End of stack trace from previous location ---&#xD;
[xUnit.net 00:08:27.59]       Expected phase changes &gt;= 4, got 0&#xD;
[xUnit.net 00:08:27.59]       Stack Trace:&#xD;
[xUnit.net 00:08:27.59]         C:\WerkFlow\Coding\Simulation-RUN018\Werkflow.OpcUaSimulator.Tests\PhysicalPhysicsR2VerificationTests.cs(25,0): at Werkflow.OpcUaSimulator.Tests.PhysicalPhysicsR2VerificationTests.Physics_R2_EndToEnd_TwoMachines()&#xD;
[xUnit.net 00:08:27.59]         --- End of stack trace from previous location ---&#xD;
[xUnit.net 00:11:03.79]       Assert.True() Failure&#xD;
[xUnit.net 00:11:03.79]       Expected: True&#xD;
[xUnit.net 00:11:03.79]       Actual:   False&#xD;
[xUnit.net 00:11:03.80]       Stack Trace:&#xD;
[xUnit.net 00:11:03.80]         C:\WerkFlow\Coding\Simulation-RUN018\Werkflow.OpcUaSimulator.Tests\PhysicalPhysicsR3VerificationTests.cs(26,0): at Werkflow.OpcUaSimulator.Tests.PhysicalPhysicsR3VerificationTests.Physics_R3_EndToEnd_TwoMachines()&#xD;
[xUnit.net 00:11:03.80]         --- End of stack trace from previous location ---&#xD;
[xUnit.net 00:13:23.04]       Assert.True() Failure&#xD;
[xUnit.net 00:13:23.04]       Expected: True&#xD;
[xUnit.net 00:13:23.04]       Actual:   False&#xD;
[xUnit.net 00:13:23.04]       Stack Trace:&#xD;
[xUnit.net 00:13:23.04]         C:\WerkFlow\Coding\Simulation-RUN018\Werkflow.OpcUaSimulator.Tests\PhysicalPhysicsR4VerificationTests.cs(24,0): at Werkflow.OpcUaSimulator.Tests.PhysicalPhysicsR4VerificationTests.Physics_R4_EndToEnd_TwoMachines()&#xD;
[xUnit.net 00:13:23.04]         --- End of stack trace from previous location ---&#xD;
[xUnit.net 00:14:54.52]       Assert.True() Failure&#xD;
[xUnit.net 00:14:54.52]       Expected: True&#xD;
[xUnit.net 00:14:54.52]       Actual:   False&#xD;
[xUnit.net 00:14:54.52]       Stack Trace:&#xD;
[xUnit.net 00:14:54.52]         C:\WerkFlow\Coding\Simulation-RUN018\Werkflow.OpcUaSimulator.Tests\PhysicalPhysicsVerificationTests.cs(17,0): at Werkflow.OpcUaSimulator.Tests.PhysicalPhysicsVerificationTests.Physics_NormalOperation_OneMachine()&#xD;
[xUnit.net 00:14:54.52]         --- End of stack trace from previous location ---&#xD;
[xUnit.net 00:16:26.67]       Assert.True() Failure&#xD;
[xUnit.net 00:16:26.67]       Expected: True&#xD;
[xUnit.net 00:16:26.67]       Actual:   False&#xD;
[xUnit.net 00:16:26.67]       Stack Trace:&#xD;
[xUnit.net 00:16:26.67]         C:\WerkFlow\Coding\Simulation-RUN018\Werkflow.OpcUaSimulator.Tests\PhysicalPhysicsVerificationTests.cs(27,0): at Werkflow.OpcUaSimulator.Tests.PhysicalPhysicsVerificationTests.Physics_NormalOperation_TwoMachines()&#xD;
[xUnit.net 00:16:26.67]         --- End of stack trace from previous location ---&#xD;
[xUnit.net 00:18:04.55]       Assert.Equal() Failure: Values differ&#xD;
[xUnit.net 00:18:04.55]       Expected: 2&#xD;
[xUnit.net 00:18:04.55]       Actual:   4&#xD;
[xUnit.net 00:18:04.55]       Stack Trace:&#xD;
[xUnit.net 00:18:04.55]         C:\WerkFlow\Coding\Simulation-RUN018\Werkflow.OpcUaSimulator.Tests\VigilLabVirtualMachineP03Tests.cs(24,0): at Werkflow.OpcUaSimulator.Tests.VigilLabVirtualMachineP03Tests.P03_VirtualMachineMode_ContainsExactlyTwoTargetMachines()&#xD;
[xUnit.net 00:18:04.55]            at System.RuntimeMethodHandle.InvokeMethod(Object target, Void** arguments, Signature sig, Boolean isConstructor)&#xD;
[xUnit.net 00:18:04.55]            at System.Reflection.MethodBaseInvoker.InvokeWithNoArgs(Object obj, BindingFlags invokeAttr)&#xD;
[xUnit.net 00:19:22.04]   Finished:    Werkflow.OpcUaSimulator.Tests&#xD;
</StdOut>
    </Output>
    <RunInfos>
      <RunInfo computerName="GAMING" outcome="Error" timestamp="2026-08-31T12:36:45.5265246+02:00">
        <Text>[xUnit.net 00:00:00.56]     Werkflow.OpcUaSimulator.Tests.PhysicalAp6R1StartupTests.AP6R1_App_CompleteStartup_InitializesTrayService [FAIL]</Text>
      </RunInfo>
      <RunInfo computerName="GAMING" outcome="Error" timestamp="2026-08-31T12:36:45.5273735+02:00">
        <Text>[xUnit.net 00:00:00.57]     Werkflow.OpcUaSimulator.Tests.PhysicalAp6R1StartupTests.AP6R1_App_OnStartup_ShowsMainWindowExplicitly [FAIL]</Text>
      </RunInfo>
      <RunInfo computerName="GAMING" outcome="Error" timestamp="2026-08-31T12:36:47.8175194+02:00">
        <Text>[xUnit.net 00:00:02.87]     Werkflow.OpcUaSimulator.Tests.LaserKinematicsPlausibilityTests.VirtualMachine_Kinematics_UseWorkspaceAndPhaseFeed [FAIL]</Text>
      </RunInfo>
      <RunInfo computerName="GAMING" outcome="Error" timestamp="2026-08-31T12:36:54.0955017+02:00">
        <Text>[xUnit.net 00:00:09.15]     Werkflow.OpcUaSimulator.Tests.PhysicalAp6R3Tests.AP6R3_Evidence_ExportVerificationJson [FAIL]</Text>
      </RunInfo>
      <RunInfo computerName="GAMING" outcome="Error" timestamp="2026-08-31T12:40:37.9557194+02:00">
        <Text>[xUnit.net 00:03:53.01]     Werkflow.OpcUaSimulator.Tests.PhysicalAp4R2FaultScenarioTests.AP4R2_FinalEndToEnd_ShortRun [FAIL]</Text>
      </RunInfo>
      <RunInfo computerName="GAMING" outcome="Error" timestamp="2026-08-31T12:45:12.5339940+02:00">
        <Text>[xUnit.net 00:08:27.59]     Werkflow.OpcUaSimulator.Tests.PhysicalPhysicsR2VerificationTests.Physics_R2_EndToEnd_TwoMachines [FAIL]</Text>
      </RunInfo>
      <RunInfo computerName="GAMING" outcome="Error" timestamp="2026-08-31T12:47:48.7425373+02:00">
        <Text>[xUnit.net 00:11:03.79]     Werkflow.OpcUaSimulator.Tests.PhysicalPhysicsR3VerificationTests.Physics_R3_EndToEnd_TwoMachines [FAIL]</Text>
      </RunInfo>
      <RunInfo computerName="GAMING" outcome="Error" timestamp="2026-08-31T12:50:07.9892305+02:00">
        <Text>[xUnit.net 00:13:23.04]     Werkflow.OpcUaSimulator.Tests.PhysicalPhysicsR4VerificationTests.Physics_R4_EndToEnd_TwoMachines [FAIL]</Text>
      </RunInfo>
      <RunInfo computerName="GAMING" outcome="Error" timestamp="2026-08-31T12:51:39.4674716+02:00">
        <Text>[xUnit.net 00:14:54.52]     Werkflow.OpcUaSimulator.Tests.PhysicalPhysicsVerificationTests.Physics_NormalOperation_OneMachine [FAIL]</Text>
      </RunInfo>
      <RunInfo computerName="GAMING" outcome="Error" timestamp="2026-08-31T12:53:11.6210929+02:00">
        <Text>[xUnit.net 00:16:26.67]     Werkflow.OpcUaSimulator.Tests.PhysicalPhysicsVerificationTests.Physics_NormalOperation_TwoMachines [FAIL]</Text>
      </RunInfo>
      <RunInfo computerName="GAMING" outcome="Error" timestamp="2026-08-31T12:54:49.5029512+02:00">
        <Text>[xUnit.net 00:18:04.55]     Werkflow.OpcUaSimulator.Tests.VigilLabVirtualMachineP03Tests.P03_VirtualMachineMode_ContainsExactlyTwoTargetMachines [FAIL]</Text>
      </RunInfo>
    </RunInfos>
  </ResultSummary>
</TestRun>